{"/Users/peng/myproject/energyStone_back_end-s/mall-api/src/app.controller.ts": {"path":"/Users/peng/myproject/energyStone_back_end-s/mall-api/src/app.controller.ts","statementMap":{"0":{"start":{"line":1,"column":0},"end":{"line":1,"column":44}},"1":{"start":{"line":2,"column":0},"end":{"line":2,"column":43}},"2":{"start":{"line":5,"column":7},"end":{"line":7,"column":null}},"3":{"start":{"line":6,"column":31},"end":{"line":6,"column":43}},"4":{"start":{"line":5,"column":13},"end":{"line":5,"column":26}},"5":{"start":{"line":5,"column":13},"end":{"line":7,"column":null}}},"fnMap":{"0":{"name":"(anonymous_2)","decl":{"start":{"line":6,"column":2},"end":{"line":6,"column":31}},"loc":{"start":{"line":6,"column":53},"end":{"line":6,"column":57}}}},"branchMap":{"0":{"loc":{"start":{"line":6,"column":43},"end":{"line":6,"column":56}},"type":"cond-expr","locations":[{"start":{"line":6,"column":53},"end":{"line":6,"column":56}},{"start":{"line":6,"column":53},"end":{"line":6,"column":56}}]},"1":{"loc":{"start":{"line":6,"column":43},"end":{"line":6,"column":53}},"type":"binary-expr","locations":[{"start":{"line":6,"column":43},"end":{"line":6,"column":56}},{"start":{"line":6,"column":43},"end":{"line":6,"column":53}}]}},"s":{"0":0,"1":0,"2":0,"3":0,"4":0,"5":0},"f":{"0":0},"b":{"0":[0,0],"1":[0,0]}}
,"/Users/peng/myproject/energyStone_back_end-s/mall-api/src/app.module.ts": {"path":"/Users/peng/myproject/energyStone_back_end-s/mall-api/src/app.module.ts","statementMap":{"0":{"start":{"line":1,"column":0},"end":{"line":1,"column":40}},"1":{"start":{"line":2,"column":0},"end":{"line":2,"column":50}},"2":{"start":{"line":3,"column":0},"end":{"line":3,"column":70}},"3":{"start":{"line":4,"column":0},"end":{"line":4,"column":49}},"4":{"start":{"line":5,"column":0},"end":{"line":5,"column":43}},"5":{"start":{"line":6,"column":0},"end":{"line":6,"column":54}},"6":{"start":{"line":7,"column":0},"end":{"line":7,"column":56}},"7":{"start":{"line":8,"column":0},"end":{"line":8,"column":56}},"8":{"start":{"line":9,"column":0},"end":{"line":9,"column":56}},"9":{"start":{"line":10,"column":0},"end":{"line":10,"column":74}},"10":{"start":{"line":11,"column":0},"end":{"line":11,"column":56}},"11":{"start":{"line":12,"column":0},"end":{"line":12,"column":83}},"12":{"start":{"line":13,"column":0},"end":{"line":13,"column":77}},"13":{"start":{"line":14,"column":0},"end":{"line":14,"column":62}},"14":{"start":{"line":15,"column":0},"end":{"line":15,"column":57}},"15":{"start":{"line":59,"column":7},"end":{"line":59,"column":null}},"16":{"start":{"line":59,"column":13},"end":{"line":59,"column":22}},"17":{"start":{"line":59,"column":13},"end":{"line":59,"column":null}},"18":{"start":{"line":23,"column":25},"end":{"line":25,"column":8}}},"fnMap":{"0":{"name":"(anonymous_1)","decl":{"start":{"line":23,"column":18},"end":{"line":23,"column":21}},"loc":{"start":{"line":23,"column":25},"end":{"line":25,"column":8}}}},"branchMap":{},"s":{"0":0,"1":0,"2":0,"3":0,"4":0,"5":0,"6":0,"7":0,"8":0,"9":0,"10":0,"11":0,"12":0,"13":0,"14":0,"15":0,"16":0,"17":0,"18":0},"f":{"0":0},"b":{}}
,"/Users/peng/myproject/energyStone_back_end-s/mall-api/src/app.service.ts": {"path":"/Users/peng/myproject/energyStone_back_end-s/mall-api/src/app.service.ts","statementMap":{"0":{"start":{"line":1,"column":0},"end":{"line":1,"column":58}},"1":{"start":{"line":2,"column":0},"end":{"line":2,"column":67}},"2":{"start":{"line":4,"column":0},"end":{"line":4,"column":67}},"3":{"start":{"line":6,"column":0},"end":{"line":6,"column":57}},"4":{"start":{"line":9,"column":7},"end":{"line":55,"column":null}},"5":{"start":{"line":11,"column":12},"end":{"line":11,"column":25}},"6":{"start":{"line":12,"column":12},"end":{"line":12,"column":25}},"7":{"start":{"line":20,"column":26},"end":{"line":20,"column":40}},"8":{"start":{"line":21,"column":26},"end":{"line":21,"column":37}},"9":{"start":{"line":23,"column":4},"end":{"line":53,"column":5}},"10":{"start":{"line":25,"column":28},"end":{"line":25,"column":73}},"11":{"start":{"line":27,"column":6},"end":{"line":50,"column":7}},"12":{"start":{"line":29,"column":32},"end":{"line":30,"column":null}},"13":{"start":{"line":33,"column":8},"end":{"line":38,"column":9}},"14":{"start":{"line":34,"column":10},"end":{"line":36,"column":12}},"15":{"start":{"line":37,"column":10},"end":{"line":37,"column":17}},"16":{"start":{"line":41,"column":45},"end":{"line":45,"column":10}},"17":{"start":{"line":46,"column":8},"end":{"line":46,"column":53}},"18":{"start":{"line":47,"column":8},"end":{"line":47,"column":35}},"19":{"start":{"line":49,"column":8},"end":{"line":49,"column":32}},"20":{"start":{"line":52,"column":6},"end":{"line":52,"column":43}},"21":{"start":{"line":9,"column":13},"end":{"line":9,"column":23}},"22":{"start":{"line":9,"column":13},"end":{"line":55,"column":null}}},"fnMap":{"0":{"name":"(anonymous_2)","decl":{"start":{"line":10,"column":2},"end":{"line":10,"column":null}},"loc":{"start":{"line":12,"column":36},"end":{"line":13,"column":6}}},"1":{"name":"(anonymous_3)","decl":{"start":{"line":19,"column":2},"end":{"line":19,"column":7}},"loc":{"start":{"line":19,"column":20},"end":{"line":54,"column":3}}}},"branchMap":{"0":{"loc":{"start":{"line":27,"column":6},"end":{"line":50,"column":7}},"type":"if","locations":[{"start":{"line":27,"column":6},"end":{"line":50,"column":7}},{"start":{"line":48,"column":13},"end":{"line":50,"column":7}}]},"1":{"loc":{"start":{"line":33,"column":8},"end":{"line":38,"column":9}},"type":"if","locations":[{"start":{"line":33,"column":8},"end":{"line":38,"column":9}},{"start":{},"end":{}}]},"2":{"loc":{"start":{"line":11,"column":25},"end":{"line":11,"column":null}},"type":"cond-expr","locations":[{"start":{"line":11,"column":36},"end":{"line":11,"column":null}},{"start":{"line":11,"column":36},"end":{"line":11,"column":null}}]},"3":{"loc":{"start":{"line":11,"column":25},"end":{"line":11,"column":36}},"type":"binary-expr","locations":[{"start":{"line":11,"column":25},"end":{"line":11,"column":null}},{"start":{"line":11,"column":25},"end":{"line":11,"column":36}}]},"4":{"loc":{"start":{"line":11,"column":36},"end":{"line":12,"column":null}},"type":"cond-expr","locations":[{"start":{"line":12,"column":36},"end":{"line":12,"column":null}},{"start":{"line":12,"column":36},"end":{"line":12,"column":null}}]},"5":{"loc":{"start":{"line":11,"column":36},"end":{"line":12,"column":36}},"type":"binary-expr","locations":[{"start":{"line":11,"column":36},"end":{"line":12,"column":null}},{"start":{"line":12,"column":25},"end":{"line":12,"column":36}}]}},"s":{"0":0,"1":0,"2":0,"3":0,"4":0,"5":0,"6":0,"7":0,"8":0,"9":0,"10":0,"11":0,"12":0,"13":0,"14":0,"15":0,"16":0,"17":0,"18":0,"19":0,"20":0,"21":0,"22":0},"f":{"0":0,"1":0},"b":{"0":[0,0],"1":[0,0],"2":[0,0],"3":[0,0],"4":[0,0],"5":[0,0]}}
,"/Users/peng/myproject/energyStone_back_end-s/mall-api/src/main.ts": {"path":"/Users/peng/myproject/energyStone_back_end-s/mall-api/src/main.ts","statementMap":{"0":{"start":{"line":1,"column":0},"end":{"line":1,"column":43}},"1":{"start":{"line":2,"column":0},"end":{"line":2,"column":48}},"2":{"start":{"line":3,"column":0},"end":{"line":3,"column":65}},"3":{"start":{"line":4,"column":0},"end":{"line":4,"column":41}},"4":{"start":{"line":5,"column":0},"end":{"line":5,"column":77}},"5":{"start":{"line":8,"column":14},"end":{"line":8,"column":49}},"6":{"start":{"line":11,"column":2},"end":{"line":14,"column":5}},"7":{"start":{"line":17,"column":2},"end":{"line":17,"column":29}},"8":{"start":{"line":20,"column":2},"end":{"line":29,"column":4}},"9":{"start":{"line":32,"column":2},"end":{"line":32,"column":50}},"10":{"start":{"line":35,"column":17},"end":{"line":54,"column":12}},"11":{"start":{"line":56,"column":19},"end":{"line":56,"column":60}},"12":{"start":{"line":57,"column":2},"end":{"line":63,"column":5}},"13":{"start":{"line":65,"column":15},"end":{"line":65,"column":39}},"14":{"start":{"line":66,"column":2},"end":{"line":66,"column":25}},"15":{"start":{"line":68,"column":2},"end":{"line":68,"column":72}},"16":{"start":{"line":69,"column":2},"end":{"line":69,"column":73}},"17":{"start":{"line":72,"column":0},"end":{"line":75,"column":3}},"18":{"start":{"line":73,"column":2},"end":{"line":73,"column":55}},"19":{"start":{"line":74,"column":2},"end":{"line":74,"column":18}}},"fnMap":{"0":{"name":"bootstrap","decl":{"start":{"line":7,"column":15},"end":{"line":7,"column":24}},"loc":{"start":{"line":7,"column":24},"end":{"line":70,"column":1}}},"1":{"name":"(anonymous_1)","decl":{"start":{"line":72,"column":18},"end":{"line":72,"column":19}},"loc":{"start":{"line":72,"column":28},"end":{"line":75,"column":1}}}},"branchMap":{"0":{"loc":{"start":{"line":12,"column":12},"end":{"line":12,"column":63}},"type":"binary-expr","locations":[{"start":{"line":12,"column":12},"end":{"line":12,"column":36}},{"start":{"line":12,"column":40},"end":{"line":12,"column":63}}]},"1":{"loc":{"start":{"line":65,"column":15},"end":{"line":65,"column":39}},"type":"binary-expr","locations":[{"start":{"line":65,"column":15},"end":{"line":65,"column":31}},{"start":{"line":65,"column":35},"end":{"line":65,"column":39}}]}},"s":{"0":0,"1":0,"2":0,"3":0,"4":0,"5":0,"6":0,"7":0,"8":0,"9":0,"10":0,"11":0,"12":0,"13":0,"14":0,"15":0,"16":0,"17":0,"18":0,"19":0},"f":{"0":0,"1":0},"b":{"0":[0,0],"1":[0,0]}}
,"/Users/peng/myproject/energyStone_back_end-s/mall-api/src/common/constants/error-codes.ts": {"path":"/Users/peng/myproject/energyStone_back_end-s/mall-api/src/common/constants/error-codes.ts","statementMap":{"0":{"start":{"line":5,"column":13},"end":{"line":28,"column":11}},"1":{"start":{"line":33,"column":13},"end":{"line":47,"column":11}}},"fnMap":{},"branchMap":{},"s":{"0":0,"1":0},"f":{},"b":{}}
,"/Users/peng/myproject/energyStone_back_end-s/mall-api/src/common/decorators/permissions.decorator.ts": {"path":"/Users/peng/myproject/energyStone_back_end-s/mall-api/src/common/decorators/permissions.decorator.ts","statementMap":{"0":{"start":{"line":1,"column":0},"end":{"line":1,"column":45}},"1":{"start":{"line":8,"column":27},"end":{"line":9,"column":41}},"2":{"start":{"line":9,"column":2},"end":{"line":9,"column":41}},"3":{"start":{"line":8,"column":13},"end":{"line":8,"column":27}},"4":{"start":{"line":14,"column":13},"end":{"line":38,"column":11}}},"fnMap":{"0":{"name":"(anonymous_0)","decl":{"start":{"line":8,"column":27},"end":{"line":8,"column":28}},"loc":{"start":{"line":9,"column":2},"end":{"line":9,"column":41}}}},"branchMap":{},"s":{"0":1,"1":1,"2":7,"3":1,"4":1},"f":{"0":7},"b":{}}
,"/Users/peng/myproject/energyStone_back_end-s/mall-api/src/common/decorators/public.decorator.ts": {"path":"/Users/peng/myproject/energyStone_back_end-s/mall-api/src/common/decorators/public.decorator.ts","statementMap":{"0":{"start":{"line":1,"column":0},"end":{"line":1,"column":45}},"1":{"start":{"line":3,"column":13},"end":{"line":3,"column":40}},"2":{"start":{"line":4,"column":22},"end":{"line":4,"column":60}},"3":{"start":{"line":4,"column":28},"end":{"line":4,"column":60}},"4":{"start":{"line":4,"column":13},"end":{"line":4,"column":22}}},"fnMap":{"0":{"name":"(anonymous_0)","decl":{"start":{"line":4,"column":22},"end":{"line":4,"column":25}},"loc":{"start":{"line":4,"column":28},"end":{"line":4,"column":60}}}},"branchMap":{},"s":{"0":1,"1":1,"2":1,"3":0,"4":1},"f":{"0":0},"b":{}}
,"/Users/peng/myproject/energyStone_back_end-s/mall-api/src/common/decorators/roles.decorator.ts": {"path":"/Users/peng/myproject/energyStone_back_end-s/mall-api/src/common/decorators/roles.decorator.ts","statementMap":{"0":{"start":{"line":1,"column":0},"end":{"line":1,"column":45}},"1":{"start":{"line":2,"column":0},"end":{"line":2,"column":51}},"2":{"start":{"line":7,"column":0},"end":{"line":7,"column":null}},"3":{"start":{"line":8,"column":2},"end":{"line":8,"column":null}},"4":{"start":{"line":9,"column":2},"end":{"line":9,"column":null}},"5":{"start":{"line":10,"column":2},"end":{"line":10,"column":null}},"6":{"start":{"line":16,"column":0},"end":{"line":16,"column":null}},"7":{"start":{"line":17,"column":2},"end":{"line":17,"column":null}},"8":{"start":{"line":18,"column":2},"end":{"line":18,"column":null}},"9":{"start":{"line":19,"column":2},"end":{"line":19,"column":null}},"10":{"start":{"line":20,"column":2},"end":{"line":20,"column":null}},"11":{"start":{"line":28,"column":21},"end":{"line":28,"column":72}},"12":{"start":{"line":28,"column":45},"end":{"line":28,"column":72}},"13":{"start":{"line":28,"column":13},"end":{"line":28,"column":21}},"14":{"start":{"line":35,"column":27},"end":{"line":36,"column":41}},"15":{"start":{"line":36,"column":2},"end":{"line":36,"column":41}},"16":{"start":{"line":35,"column":13},"end":{"line":35,"column":27}},"17":{"start":{"line":42,"column":22},"end":{"line":42,"column":57}},"18":{"start":{"line":42,"column":28},"end":{"line":42,"column":57}},"19":{"start":{"line":42,"column":13},"end":{"line":42,"column":22}},"20":{"start":{"line":47,"column":13},"end":{"line":51,"column":11}},"21":{"start":{"line":56,"column":13},"end":{"line":74,"column":11}},"22":{"start":{"line":79,"column":13},"end":{"line":90,"column":11}},"23":{"start":{"line":95,"column":13},"end":{"line":104,"column":11}},"24":{"start":{"line":109,"column":13},"end":{"line":113,"column":11}}},"fnMap":{"0":{"name":"(anonymous_0)","decl":{"start":{"line":7,"column":0},"end":{"line":7,"column":12}},"loc":{"start":{"line":7,"column":26},"end":{"line":11,"column":1}}},"1":{"name":"(anonymous_1)","decl":{"start":{"line":16,"column":0},"end":{"line":16,"column":12}},"loc":{"start":{"line":16,"column":22},"end":{"line":21,"column":1}}},"2":{"name":"(anonymous_2)","decl":{"start":{"line":28,"column":21},"end":{"line":28,"column":22}},"loc":{"start":{"line":28,"column":45},"end":{"line":28,"column":72}}},"3":{"name":"(anonymous_3)","decl":{"start":{"line":35,"column":27},"end":{"line":35,"column":28}},"loc":{"start":{"line":36,"column":2},"end":{"line":36,"column":41}}},"4":{"name":"(anonymous_4)","decl":{"start":{"line":42,"column":22},"end":{"line":42,"column":25}},"loc":{"start":{"line":42,"column":28},"end":{"line":42,"column":57}}}},"branchMap":{"0":{"loc":{"start":{"line":7,"column":12},"end":{"line":7,"column":null}},"type":"binary-expr","locations":[{"start":{"line":7,"column":12},"end":{"line":7,"column":26}},{"start":{"line":7,"column":26},"end":{"line":7,"column":null}}]},"1":{"loc":{"start":{"line":16,"column":12},"end":{"line":16,"column":null}},"type":"binary-expr","locations":[{"start":{"line":16,"column":12},"end":{"line":16,"column":22}},{"start":{"line":16,"column":22},"end":{"line":16,"column":null}}]}},"s":{"0":2,"1":2,"2":2,"3":2,"4":2,"5":2,"6":2,"7":2,"8":2,"9":2,"10":2,"11":2,"12":0,"13":2,"14":2,"15":0,"16":2,"17":2,"18":0,"19":2,"20":2,"21":2,"22":2,"23":2,"24":2},"f":{"0":2,"1":2,"2":0,"3":0,"4":0},"b":{"0":[2,2],"1":[2,2]}}
,"/Users/peng/myproject/energyStone_back_end-s/mall-api/src/common/decorators/user.decorator.ts": {"path":"/Users/peng/myproject/energyStone_back_end-s/mall-api/src/common/decorators/user.decorator.ts","statementMap":{"0":{"start":{"line":1,"column":0},"end":{"line":1,"column":72}},"1":{"start":{"line":26,"column":13},"end":{"line":53,"column":2}},"2":{"start":{"line":31,"column":20},"end":{"line":31,"column":68}},"3":{"start":{"line":33,"column":6},"end":{"line":33,"column":38}},"4":{"start":{"line":36,"column":4},"end":{"line":50,"column":5}},"5":{"start":{"line":38,"column":6},"end":{"line":40,"column":7}},"6":{"start":{"line":39,"column":8},"end":{"line":39,"column":23}},"7":{"start":{"line":41,"column":6},"end":{"line":43,"column":7}},"8":{"start":{"line":42,"column":8},"end":{"line":42,"column":24}},"9":{"start":{"line":44,"column":6},"end":{"line":46,"column":7}},"10":{"start":{"line":45,"column":8},"end":{"line":45,"column":26}},"11":{"start":{"line":47,"column":6},"end":{"line":49,"column":7}},"12":{"start":{"line":48,"column":8},"end":{"line":48,"column":32}},"13":{"start":{"line":51,"column":4},"end":{"line":51,"column":16}}},"fnMap":{"0":{"name":"(anonymous_0)","decl":{"start":{"line":27,"column":2},"end":{"line":27,"column":null}},"loc":{"start":{"line":30,"column":58},"end":{"line":52,"column":3}}}},"branchMap":{"0":{"loc":{"start":{"line":33,"column":6},"end":{"line":33,"column":38}},"type":"binary-expr","locations":[{"start":{"line":33,"column":6},"end":{"line":33,"column":22}},{"start":{"line":33,"column":26},"end":{"line":33,"column":38}}]},"1":{"loc":{"start":{"line":36,"column":4},"end":{"line":50,"column":5}},"type":"if","locations":[{"start":{"line":36,"column":4},"end":{"line":50,"column":5}},{"start":{},"end":{}}]},"2":{"loc":{"start":{"line":36,"column":8},"end":{"line":36,"column":20}},"type":"binary-expr","locations":[{"start":{"line":36,"column":8},"end":{"line":36,"column":12}},{"start":{"line":36,"column":16},"end":{"line":36,"column":20}}]},"3":{"loc":{"start":{"line":38,"column":6},"end":{"line":40,"column":7}},"type":"if","locations":[{"start":{"line":38,"column":6},"end":{"line":40,"column":7}},{"start":{},"end":{}}]},"4":{"loc":{"start":{"line":38,"column":10},"end":{"line":38,"column":39}},"type":"binary-expr","locations":[{"start":{"line":38,"column":10},"end":{"line":38,"column":22}},{"start":{"line":38,"column":26},"end":{"line":38,"column":39}}]},"5":{"loc":{"start":{"line":41,"column":6},"end":{"line":43,"column":7}},"type":"if","locations":[{"start":{"line":41,"column":6},"end":{"line":43,"column":7}},{"start":{},"end":{}}]},"6":{"loc":{"start":{"line":41,"column":10},"end":{"line":41,"column":41}},"type":"binary-expr","locations":[{"start":{"line":41,"column":10},"end":{"line":41,"column":23}},{"start":{"line":41,"column":27},"end":{"line":41,"column":41}}]},"7":{"loc":{"start":{"line":44,"column":6},"end":{"line":46,"column":7}},"type":"if","locations":[{"start":{"line":44,"column":6},"end":{"line":46,"column":7}},{"start":{},"end":{}}]},"8":{"loc":{"start":{"line":44,"column":10},"end":{"line":44,"column":48}},"type":"binary-expr","locations":[{"start":{"line":44,"column":10},"end":{"line":44,"column":29}},{"start":{"line":44,"column":33},"end":{"line":44,"column":48}}]},"9":{"loc":{"start":{"line":47,"column":6},"end":{"line":49,"column":7}},"type":"if","locations":[{"start":{"line":47,"column":6},"end":{"line":49,"column":7}},{"start":{},"end":{}}]},"10":{"loc":{"start":{"line":47,"column":10},"end":{"line":47,"column":57}},"type":"binary-expr","locations":[{"start":{"line":47,"column":10},"end":{"line":47,"column":31}},{"start":{"line":47,"column":35},"end":{"line":47,"column":57}}]}},"s":{"0":0,"1":0,"2":0,"3":0,"4":0,"5":0,"6":0,"7":0,"8":0,"9":0,"10":0,"11":0,"12":0,"13":0},"f":{"0":0},"b":{"0":[0,0],"1":[0,0],"2":[0,0],"3":[0,0],"4":[0,0],"5":[0,0],"6":[0,0],"7":[0,0],"8":[0,0],"9":[0,0],"10":[0,0]}}
,"/Users/peng/myproject/energyStone_back_end-s/mall-api/src/common/enums/role-type.enum.ts": {"path":"/Users/peng/myproject/energyStone_back_end-s/mall-api/src/common/enums/role-type.enum.ts","statementMap":{"0":{"start":{"line":4,"column":0},"end":{"line":4,"column":null}},"1":{"start":{"line":5,"column":2},"end":{"line":5,"column":null}},"2":{"start":{"line":6,"column":2},"end":{"line":6,"column":null}},"3":{"start":{"line":7,"column":2},"end":{"line":7,"column":null}}},"fnMap":{"0":{"name":"(anonymous_0)","decl":{"start":{"line":4,"column":0},"end":{"line":4,"column":12}},"loc":{"start":{"line":4,"column":20},"end":{"line":8,"column":1}}}},"branchMap":{"0":{"loc":{"start":{"line":4,"column":12},"end":{"line":4,"column":null}},"type":"binary-expr","locations":[{"start":{"line":4,"column":12},"end":{"line":4,"column":20}},{"start":{"line":4,"column":20},"end":{"line":4,"column":null}}]}},"s":{"0":2,"1":2,"2":2,"3":2},"f":{"0":2},"b":{"0":[2,2]}}
,"/Users/peng/myproject/energyStone_back_end-s/mall-api/src/common/filters/http-exception.filter.ts": {"path":"/Users/peng/myproject/energyStone_back_end-s/mall-api/src/common/filters/http-exception.filter.ts","statementMap":{"0":{"start":{"line":1,"column":0},"end":{"line":1,"column":null}},"1":{"start":{"line":12,"column":0},"end":{"line":12,"column":71}},"2":{"start":{"line":29,"column":32},"end":{"line":224,"column":null}},"3":{"start":{"line":30,"column":28},"end":{"line":30,"column":64}},"4":{"start":{"line":38,"column":16},"end":{"line":38,"column":35}},"5":{"start":{"line":39,"column":21},"end":{"line":39,"column":48}},"6":{"start":{"line":40,"column":20},"end":{"line":40,"column":45}},"7":{"start":{"line":42,"column":17},"end":{"line":42,"column":49}},"8":{"start":{"line":43,"column":18},"end":{"line":43,"column":27}},"9":{"start":{"line":44,"column":53},"end":{"line":44,"column":57}},"10":{"start":{"line":46,"column":4},"end":{"line":89,"column":5}},"11":{"start":{"line":47,"column":6},"end":{"line":47,"column":37}},"12":{"start":{"line":48,"column":32},"end":{"line":48,"column":null}},"13":{"start":{"line":53,"column":6},"end":{"line":65,"column":7}},"14":{"start":{"line":59,"column":8},"end":{"line":59,"column":27}},"15":{"start":{"line":60,"column":8},"end":{"line":62,"column":10}},"16":{"start":{"line":64,"column":8},"end":{"line":64,"column":66}},"17":{"start":{"line":66,"column":11},"end":{"line":89,"column":5}},"18":{"start":{"line":68,"column":6},"end":{"line":68,"column":44}},"19":{"start":{"line":71,"column":6},"end":{"line":77,"column":7}},"20":{"start":{"line":75,"column":8},"end":{"line":75,"column":40}},"21":{"start":{"line":76,"column":8},"end":{"line":76,"column":51}},"22":{"start":{"line":80,"column":6},"end":{"line":83,"column":7}},"23":{"start":{"line":81,"column":8},"end":{"line":81,"column":41}},"24":{"start":{"line":82,"column":8},"end":{"line":82,"column":28}},"25":{"start":{"line":85,"column":6},"end":{"line":88,"column":7}},"26":{"start":{"line":86,"column":8},"end":{"line":86,"column":41}},"27":{"start":{"line":87,"column":8},"end":{"line":87,"column":28}},"28":{"start":{"line":92,"column":4},"end":{"line":96,"column":6}},"29":{"start":{"line":99,"column":46},"end":{"line":104,"column":6}},"30":{"start":{"line":107,"column":4},"end":{"line":109,"column":5}},"31":{"start":{"line":108,"column":6},"end":{"line":108,"column":36}},"32":{"start":{"line":111,"column":4},"end":{"line":111,"column":55}},"33":{"start":{"line":121,"column":23},"end":{"line":121,"column":43}},"34":{"start":{"line":124,"column":4},"end":{"line":134,"column":5}},"35":{"start":{"line":125,"column":6},"end":{"line":127,"column":7}},"36":{"start":{"line":126,"column":8},"end":{"line":126,"column":47}},"37":{"start":{"line":128,"column":6},"end":{"line":130,"column":7}},"38":{"start":{"line":129,"column":8},"end":{"line":129,"column":41}},"39":{"start":{"line":131,"column":6},"end":{"line":133,"column":7}},"40":{"start":{"line":132,"column":8},"end":{"line":132,"column":41}},"41":{"start":{"line":136,"column":4},"end":{"line":145,"column":5}},"42":{"start":{"line":138,"column":8},"end":{"line":138,"column":40}},"43":{"start":{"line":140,"column":8},"end":{"line":140,"column":37}},"44":{"start":{"line":142,"column":8},"end":{"line":142,"column":44}},"45":{"start":{"line":144,"column":8},"end":{"line":144,"column":49}},"46":{"start":{"line":158,"column":4},"end":{"line":160,"column":5}},"47":{"start":{"line":159,"column":6},"end":{"line":159,"column":31}},"48":{"start":{"line":162,"column":4},"end":{"line":170,"column":5}},"49":{"start":{"line":167,"column":26},"end":{"line":167,"column":77}},"50":{"start":{"line":168,"column":22},"end":{"line":168,"column":41}},"51":{"start":{"line":169,"column":6},"end":{"line":169,"column":75}},"52":{"start":{"line":172,"column":22},"end":{"line":172,"column":47}},"53":{"start":{"line":173,"column":4},"end":{"line":176,"column":6}},"54":{"start":{"line":187,"column":48},"end":{"line":187,"column":50}},"55":{"start":{"line":189,"column":4},"end":{"line":200,"column":7}},"56":{"start":{"line":190,"column":6},"end":{"line":199,"column":7}},"57":{"start":{"line":191,"column":8},"end":{"line":193,"column":9}},"58":{"start":{"line":192,"column":10},"end":{"line":192,"column":30}},"59":{"start":{"line":194,"column":8},"end":{"line":194,"column":35}},"60":{"start":{"line":195,"column":13},"end":{"line":199,"column":7}},"61":{"start":{"line":196,"column":22},"end":{"line":196,"column":36}},"62":{"start":{"line":197,"column":25},"end":{"line":197,"column":57}},"63":{"start":{"line":198,"column":8},"end":{"line":198,"column":33}},"64":{"start":{"line":202,"column":4},"end":{"line":202,"column":18}},"65":{"start":{"line":211,"column":4},"end":{"line":215,"column":5}},"66":{"start":{"line":213,"column":20},"end":{"line":213,"column":58}},"67":{"start":{"line":214,"column":6},"end":{"line":214,"column":57}},"68":{"start":{"line":217,"column":4},"end":{"line":220,"column":5}},"69":{"start":{"line":219,"column":6},"end":{"line":219,"column":25}},"70":{"start":{"line":222,"column":4},"end":{"line":222,"column":21}},"71":{"start":{"line":29,"column":13},"end":{"line":29,"column":32}},"72":{"start":{"line":29,"column":13},"end":{"line":224,"column":null}}},"fnMap":{"0":{"name":"(anonymous_1)","decl":{"start":{"line":37,"column":2},"end":{"line":37,"column":7}},"loc":{"start":{"line":37,"column":47},"end":{"line":112,"column":3}}},"1":{"name":"(anonymous_2)","decl":{"start":{"line":120,"column":10},"end":{"line":120,"column":22}},"loc":{"start":{"line":120,"column":55},"end":{"line":146,"column":3}}},"2":{"name":"(anonymous_3)","decl":{"start":{"line":154,"column":10},"end":{"line":154,"column":25}},"loc":{"start":{"line":156,"column":18},"end":{"line":177,"column":3}}},"3":{"name":"(anonymous_4)","decl":{"start":{"line":184,"column":10},"end":{"line":184,"column":32}},"loc":{"start":{"line":185,"column":50},"end":{"line":203,"column":3}}},"4":{"name":"(anonymous_5)","decl":{"start":{"line":189,"column":29},"end":{"line":189,"column":30}},"loc":{"start":{"line":189,"column":39},"end":{"line":200,"column":5}}},"5":{"name":"(anonymous_6)","decl":{"start":{"line":210,"column":10},"end":{"line":210,"column":26}},"loc":{"start":{"line":210,"column":44},"end":{"line":223,"column":3}}}},"branchMap":{"0":{"loc":{"start":{"line":46,"column":4},"end":{"line":89,"column":5}},"type":"if","locations":[{"start":{"line":46,"column":4},"end":{"line":89,"column":5}},{"start":{"line":66,"column":11},"end":{"line":89,"column":5}}]},"1":{"loc":{"start":{"line":53,"column":6},"end":{"line":65,"column":7}},"type":"if","locations":[{"start":{"line":53,"column":6},"end":{"line":65,"column":7}},{"start":{"line":63,"column":13},"end":{"line":65,"column":7}}]},"2":{"loc":{"start":{"line":54,"column":8},"end":{"line":57,"column":48}},"type":"binary-expr","locations":[{"start":{"line":54,"column":8},"end":{"line":54,"column":48}},{"start":{"line":55,"column":8},"end":{"line":55,"column":45}},{"start":{"line":56,"column":8},"end":{"line":56,"column":38}},{"start":{"line":57,"column":8},"end":{"line":57,"column":48}}]},"3":{"loc":{"start":{"line":66,"column":11},"end":{"line":89,"column":5}},"type":"if","locations":[{"start":{"line":66,"column":11},"end":{"line":89,"column":5}},{"start":{},"end":{}}]},"4":{"loc":{"start":{"line":68,"column":16},"end":{"line":68,"column":43}},"type":"binary-expr","locations":[{"start":{"line":68,"column":16},"end":{"line":68,"column":33}},{"start":{"line":68,"column":37},"end":{"line":68,"column":43}}]},"5":{"loc":{"start":{"line":71,"column":6},"end":{"line":77,"column":7}},"type":"if","locations":[{"start":{"line":71,"column":6},"end":{"line":77,"column":7}},{"start":{},"end":{}}]},"6":{"loc":{"start":{"line":72,"column":8},"end":{"line":73,"column":45}},"type":"binary-expr","locations":[{"start":{"line":72,"column":8},"end":{"line":72,"column":39}},{"start":{"line":73,"column":8},"end":{"line":73,"column":45}}]},"7":{"loc":{"start":{"line":80,"column":6},"end":{"line":83,"column":7}},"type":"if","locations":[{"start":{"line":80,"column":6},"end":{"line":83,"column":7}},{"start":{},"end":{}}]},"8":{"loc":{"start":{"line":85,"column":6},"end":{"line":88,"column":7}},"type":"if","locations":[{"start":{"line":85,"column":6},"end":{"line":88,"column":7}},{"start":{},"end":{}}]},"9":{"loc":{"start":{"line":94,"column":6},"end":{"line":94,"column":70}},"type":"cond-expr","locations":[{"start":{"line":94,"column":35},"end":{"line":94,"column":50}},{"start":{"line":94,"column":53},"end":{"line":94,"column":70}}]},"10":{"loc":{"start":{"line":107,"column":4},"end":{"line":109,"column":5}},"type":"if","locations":[{"start":{"line":107,"column":4},"end":{"line":109,"column":5}},{"start":{},"end":{}}]},"11":{"loc":{"start":{"line":124,"column":4},"end":{"line":134,"column":5}},"type":"if","locations":[{"start":{"line":124,"column":4},"end":{"line":134,"column":5}},{"start":{},"end":{}}]},"12":{"loc":{"start":{"line":124,"column":8},"end":{"line":124,"column":57}},"type":"binary-expr","locations":[{"start":{"line":124,"column":8},"end":{"line":124,"column":46}},{"start":{"line":124,"column":50},"end":{"line":124,"column":57}}]},"13":{"loc":{"start":{"line":125,"column":6},"end":{"line":127,"column":7}},"type":"if","locations":[{"start":{"line":125,"column":6},"end":{"line":127,"column":7}},{"start":{},"end":{}}]},"14":{"loc":{"start":{"line":128,"column":6},"end":{"line":130,"column":7}},"type":"if","locations":[{"start":{"line":128,"column":6},"end":{"line":130,"column":7}},{"start":{},"end":{}}]},"15":{"loc":{"start":{"line":131,"column":6},"end":{"line":133,"column":7}},"type":"if","locations":[{"start":{"line":131,"column":6},"end":{"line":133,"column":7}},{"start":{},"end":{}}]},"16":{"loc":{"start":{"line":136,"column":4},"end":{"line":145,"column":5}},"type":"switch","locations":[{"start":{"line":137,"column":6},"end":{"line":138,"column":40}},{"start":{"line":139,"column":6},"end":{"line":140,"column":37}},{"start":{"line":141,"column":6},"end":{"line":142,"column":44}},{"start":{"line":143,"column":6},"end":{"line":144,"column":49}}]},"17":{"loc":{"start":{"line":158,"column":4},"end":{"line":160,"column":5}},"type":"if","locations":[{"start":{"line":158,"column":4},"end":{"line":160,"column":5}},{"start":{},"end":{}}]},"18":{"loc":{"start":{"line":162,"column":4},"end":{"line":170,"column":5}},"type":"if","locations":[{"start":{"line":162,"column":4},"end":{"line":170,"column":5}},{"start":{},"end":{}}]},"19":{"loc":{"start":{"line":163,"column":6},"end":{"line":165,"column":36}},"type":"binary-expr","locations":[{"start":{"line":163,"column":6},"end":{"line":163,"column":43}},{"start":{"line":164,"column":6},"end":{"line":164,"column":32}},{"start":{"line":165,"column":6},"end":{"line":165,"column":36}}]},"20":{"loc":{"start":{"line":169,"column":13},"end":{"line":169,"column":74}},"type":"cond-expr","locations":[{"start":{"line":169,"column":38},"end":{"line":169,"column":56}},{"start":{"line":169,"column":59},"end":{"line":169,"column":74}}]},"21":{"loc":{"start":{"line":174,"column":7},"end":{"line":175,"column":12}},"type":"binary-expr","locations":[{"start":{"line":174,"column":7},"end":{"line":174,"column":74}},{"start":{"line":175,"column":6},"end":{"line":175,"column":12}}]},"22":{"loc":{"start":{"line":190,"column":6},"end":{"line":199,"column":7}},"type":"if","locations":[{"start":{"line":190,"column":6},"end":{"line":199,"column":7}},{"start":{"line":195,"column":13},"end":{"line":199,"column":7}}]},"23":{"loc":{"start":{"line":191,"column":8},"end":{"line":193,"column":9}},"type":"if","locations":[{"start":{"line":191,"column":8},"end":{"line":193,"column":9}},{"start":{},"end":{}}]},"24":{"loc":{"start":{"line":195,"column":13},"end":{"line":199,"column":7}},"type":"if","locations":[{"start":{"line":195,"column":13},"end":{"line":199,"column":7}},{"start":{},"end":{}}]},"25":{"loc":{"start":{"line":195,"column":17},"end":{"line":195,"column":52}},"type":"binary-expr","locations":[{"start":{"line":195,"column":17},"end":{"line":195,"column":31}},{"start":{"line":195,"column":35},"end":{"line":195,"column":52}}]},"26":{"loc":{"start":{"line":211,"column":4},"end":{"line":215,"column":5}},"type":"if","locations":[{"start":{"line":211,"column":4},"end":{"line":215,"column":5}},{"start":{},"end":{}}]},"27":{"loc":{"start":{"line":213,"column":32},"end":{"line":213,"column":54}},"type":"binary-expr","locations":[{"start":{"line":213,"column":32},"end":{"line":213,"column":48}},{"start":{"line":213,"column":52},"end":{"line":213,"column":54}}]},"28":{"loc":{"start":{"line":214,"column":13},"end":{"line":214,"column":56}},"type":"cond-expr","locations":[{"start":{"line":214,"column":21},"end":{"line":214,"column":41}},{"start":{"line":214,"column":44},"end":{"line":214,"column":56}}]},"29":{"loc":{"start":{"line":217,"column":4},"end":{"line":220,"column":5}},"type":"if","locations":[{"start":{"line":217,"column":4},"end":{"line":220,"column":5}},{"start":{},"end":{}}]}},"s":{"0":0,"1":0,"2":0,"3":0,"4":0,"5":0,"6":0,"7":0,"8":0,"9":0,"10":0,"11":0,"12":0,"13":0,"14":0,"15":0,"16":0,"17":0,"18":0,"19":0,"20":0,"21":0,"22":0,"23":0,"24":0,"25":0,"26":0,"27":0,"28":0,"29":0,"30":0,"31":0,"32":0,"33":0,"34":0,"35":0,"36":0,"37":0,"38":0,"39":0,"40":0,"41":0,"42":0,"43":0,"44":0,"45":0,"46":0,"47":0,"48":0,"49":0,"50":0,"51":0,"52":0,"53":0,"54":0,"55":0,"56":0,"57":0,"58":0,"59":0,"60":0,"61":0,"62":0,"63":0,"64":0,"65":0,"66":0,"67":0,"68":0,"69":0,"70":0,"71":0,"72":0},"f":{"0":0,"1":0,"2":0,"3":0,"4":0,"5":0},"b":{"0":[0,0],"1":[0,0],"2":[0,0,0,0],"3":[0,0],"4":[0,0],"5":[0,0],"6":[0,0],"7":[0,0],"8":[0,0],"9":[0,0],"10":[0,0],"11":[0,0],"12":[0,0],"13":[0,0],"14":[0,0],"15":[0,0],"16":[0,0,0,0],"17":[0,0],"18":[0,0],"19":[0,0,0],"20":[0,0],"21":[0,0],"22":[0,0],"23":[0,0],"24":[0,0],"25":[0,0],"26":[0,0],"27":[0,0],"28":[0,0],"29":[0,0]}}
,"/Users/peng/myproject/energyStone_back_end-s/mall-api/src/common/guards/jwt-auth.guard.ts": {"path":"/Users/peng/myproject/energyStone_back_end-s/mall-api/src/common/guards/jwt-auth.guard.ts","statementMap":{"0":{"start":{"line":1,"column":0},"end":{"line":1,"column":null}},"1":{"start":{"line":6,"column":0},"end":{"line":6,"column":41}},"2":{"start":{"line":7,"column":0},"end":{"line":7,"column":45}},"3":{"start":{"line":9,"column":0},"end":{"line":9,"column":63}},"4":{"start":{"line":12,"column":7},"end":{"line":39,"column":null}},"5":{"start":{"line":14,"column":4},"end":{"line":14,"column":12}},"6":{"start":{"line":13,"column":22},"end":{"line":13,"column":33}},"7":{"start":{"line":20,"column":21},"end":{"line":23,"column":6}},"8":{"start":{"line":25,"column":4},"end":{"line":27,"column":5}},"9":{"start":{"line":26,"column":6},"end":{"line":26,"column":18}},"10":{"start":{"line":29,"column":4},"end":{"line":29,"column":38}},"11":{"start":{"line":34,"column":4},"end":{"line":36,"column":5}},"12":{"start":{"line":35,"column":6},"end":{"line":35,"column":59}},"13":{"start":{"line":37,"column":4},"end":{"line":37,"column":16}},"14":{"start":{"line":12,"column":13},"end":{"line":12,"column":25}},"15":{"start":{"line":12,"column":13},"end":{"line":39,"column":null}}},"fnMap":{"0":{"name":"(anonymous_2)","decl":{"start":{"line":13,"column":2},"end":{"line":13,"column":22}},"loc":{"start":{"line":13,"column":42},"end":{"line":15,"column":3}}},"1":{"name":"(anonymous_3)","decl":{"start":{"line":17,"column":11},"end":{"line":17,"column":22}},"loc":{"start":{"line":18,"column":29},"end":{"line":30,"column":3}}},"2":{"name":"(anonymous_4)","decl":{"start":{"line":32,"column":11},"end":{"line":32,"column":24}},"loc":{"start":{"line":32,"column":53},"end":{"line":38,"column":3}}}},"branchMap":{"0":{"loc":{"start":{"line":25,"column":4},"end":{"line":27,"column":5}},"type":"if","locations":[{"start":{"line":25,"column":4},"end":{"line":27,"column":5}},{"start":{},"end":{}}]},"1":{"loc":{"start":{"line":34,"column":4},"end":{"line":36,"column":5}},"type":"if","locations":[{"start":{"line":34,"column":4},"end":{"line":36,"column":5}},{"start":{},"end":{}}]},"2":{"loc":{"start":{"line":34,"column":8},"end":{"line":34,"column":20}},"type":"binary-expr","locations":[{"start":{"line":34,"column":8},"end":{"line":34,"column":11}},{"start":{"line":34,"column":15},"end":{"line":34,"column":20}}]},"3":{"loc":{"start":{"line":35,"column":12},"end":{"line":35,"column":58}},"type":"binary-expr","locations":[{"start":{"line":35,"column":12},"end":{"line":35,"column":15}},{"start":{"line":35,"column":19},"end":{"line":35,"column":58}}]},"4":{"loc":{"start":{"line":13,"column":33},"end":{"line":13,"column":null}},"type":"cond-expr","locations":[{"start":{"line":13,"column":42},"end":{"line":13,"column":null}},{"start":{"line":13,"column":42},"end":{"line":13,"column":null}}]},"5":{"loc":{"start":{"line":13,"column":33},"end":{"line":13,"column":42}},"type":"binary-expr","locations":[{"start":{"line":13,"column":33},"end":{"line":13,"column":null}},{"start":{"line":13,"column":33},"end":{"line":13,"column":42}}]}},"s":{"0":1,"1":1,"2":1,"3":1,"4":1,"5":11,"6":11,"7":0,"8":0,"9":0,"10":0,"11":0,"12":0,"13":0,"14":1,"15":1},"f":{"0":11,"1":0,"2":0},"b":{"0":[0,0],"1":[0,0],"2":[0,0],"3":[0,0],"4":[1,0],"5":[1,1]}}
,"/Users/peng/myproject/energyStone_back_end-s/mall-api/src/common/guards/roles.guard.ts": {"path":"/Users/peng/myproject/energyStone_back_end-s/mall-api/src/common/guards/roles.guard.ts","statementMap":{"0":{"start":{"line":1,"column":0},"end":{"line":1,"column":null}},"1":{"start":{"line":7,"column":0},"end":{"line":7,"column":41}},"2":{"start":{"line":8,"column":0},"end":{"line":8,"column":71}},"3":{"start":{"line":9,"column":0},"end":{"line":9,"column":61}},"4":{"start":{"line":28,"column":7},"end":{"line":149,"column":null}},"5":{"start":{"line":30,"column":12},"end":{"line":30,"column":23}},"6":{"start":{"line":31,"column":12},"end":{"line":31,"column":25}},"7":{"start":{"line":36,"column":26},"end":{"line":39,"column":6}},"8":{"start":{"line":42,"column":32},"end":{"line":44,"column":null}},"9":{"start":{"line":48,"column":4},"end":{"line":50,"column":5}},"10":{"start":{"line":49,"column":6},"end":{"line":49,"column":18}},"11":{"start":{"line":52,"column":20},"end":{"line":52,"column":72}},"12":{"start":{"line":53,"column":20},"end":{"line":53,"column":32}},"13":{"start":{"line":55,"column":4},"end":{"line":57,"column":5}},"14":{"start":{"line":56,"column":6},"end":{"line":56,"column":46}},"15":{"start":{"line":60,"column":17},"end":{"line":60,"column":61}},"16":{"start":{"line":61,"column":4},"end":{"line":63,"column":5}},"17":{"start":{"line":62,"column":6},"end":{"line":62,"column":44}},"18":{"start":{"line":65,"column":4},"end":{"line":67,"column":5}},"19":{"start":{"line":66,"column":6},"end":{"line":66,"column":47}},"20":{"start":{"line":70,"column":20},"end":{"line":70,"column":65}},"21":{"start":{"line":71,"column":4},"end":{"line":73,"column":5}},"22":{"start":{"line":72,"column":6},"end":{"line":72,"column":47}},"23":{"start":{"line":76,"column":28},"end":{"line":76,"column":72}},"24":{"start":{"line":79,"column":23},"end":{"line":80,"column":null}},"25":{"start":{"line":80,"column":16},"end":{"line":80,"column":25}},"26":{"start":{"line":84,"column":4},"end":{"line":86,"column":5}},"27":{"start":{"line":85,"column":6},"end":{"line":85,"column":18}},"28":{"start":{"line":89,"column":4},"end":{"line":94,"column":5}},"29":{"start":{"line":90,"column":22},"end":{"line":90,"column":63}},"30":{"start":{"line":91,"column":6},"end":{"line":93,"column":7}},"31":{"start":{"line":92,"column":8},"end":{"line":92,"column":49}},"32":{"start":{"line":97,"column":4},"end":{"line":105,"column":5}},"33":{"start":{"line":98,"column":28},"end":{"line":100,"column":null}},"34":{"start":{"line":102,"column":6},"end":{"line":104,"column":7}},"35":{"start":{"line":103,"column":8},"end":{"line":103,"column":47}},"36":{"start":{"line":108,"column":4},"end":{"line":113,"column":6}},"37":{"start":{"line":115,"column":4},"end":{"line":115,"column":16}},"38":{"start":{"line":126,"column":4},"end":{"line":128,"column":5}},"39":{"start":{"line":127,"column":6},"end":{"line":127,"column":18}},"40":{"start":{"line":131,"column":4},"end":{"line":131,"column":66}},"41":{"start":{"line":131,"column":40},"end":{"line":131,"column":64}},"42":{"start":{"line":145,"column":4},"end":{"line":147,"column":6}},"43":{"start":{"line":146,"column":6},"end":{"line":146,"column":42}},"44":{"start":{"line":28,"column":13},"end":{"line":28,"column":23}},"45":{"start":{"line":28,"column":13},"end":{"line":149,"column":null}}},"fnMap":{"0":{"name":"(anonymous_2)","decl":{"start":{"line":29,"column":2},"end":{"line":29,"column":null}},"loc":{"start":{"line":31,"column":36},"end":{"line":32,"column":6}}},"1":{"name":"(anonymous_3)","decl":{"start":{"line":34,"column":2},"end":{"line":34,"column":7}},"loc":{"start":{"line":34,"column":45},"end":{"line":116,"column":3}}},"2":{"name":"(anonymous_4)","decl":{"start":{"line":80,"column":6},"end":{"line":80,"column":7}},"loc":{"start":{"line":80,"column":16},"end":{"line":80,"column":25}}},"3":{"name":"(anonymous_5)","decl":{"start":{"line":124,"column":10},"end":{"line":124,"column":20}},"loc":{"start":{"line":124,"column":65},"end":{"line":132,"column":3}}},"4":{"name":"(anonymous_6)","decl":{"start":{"line":131,"column":30},"end":{"line":131,"column":31}},"loc":{"start":{"line":131,"column":40},"end":{"line":131,"column":64}}},"5":{"name":"(anonymous_7)","decl":{"start":{"line":140,"column":10},"end":{"line":140,"column":26}},"loc":{"start":{"line":142,"column":33},"end":{"line":148,"column":3}}},"6":{"name":"(anonymous_8)","decl":{"start":{"line":145,"column":37},"end":{"line":145,"column":38}},"loc":{"start":{"line":146,"column":6},"end":{"line":146,"column":42}}}},"branchMap":{"0":{"loc":{"start":{"line":48,"column":4},"end":{"line":50,"column":5}},"type":"if","locations":[{"start":{"line":48,"column":4},"end":{"line":50,"column":5}},{"start":{},"end":{}}]},"1":{"loc":{"start":{"line":48,"column":8},"end":{"line":48,"column":46}},"type":"binary-expr","locations":[{"start":{"line":48,"column":8},"end":{"line":48,"column":22}},{"start":{"line":48,"column":26},"end":{"line":48,"column":46}}]},"2":{"loc":{"start":{"line":55,"column":4},"end":{"line":57,"column":5}},"type":"if","locations":[{"start":{"line":55,"column":4},"end":{"line":57,"column":5}},{"start":{},"end":{}}]},"3":{"loc":{"start":{"line":61,"column":4},"end":{"line":63,"column":5}},"type":"if","locations":[{"start":{"line":61,"column":4},"end":{"line":63,"column":5}},{"start":{},"end":{}}]},"4":{"loc":{"start":{"line":65,"column":4},"end":{"line":67,"column":5}},"type":"if","locations":[{"start":{"line":65,"column":4},"end":{"line":67,"column":5}},{"start":{},"end":{}}]},"5":{"loc":{"start":{"line":71,"column":4},"end":{"line":73,"column":5}},"type":"if","locations":[{"start":{"line":71,"column":4},"end":{"line":73,"column":5}},{"start":{},"end":{}}]},"6":{"loc":{"start":{"line":84,"column":4},"end":{"line":86,"column":5}},"type":"if","locations":[{"start":{"line":84,"column":4},"end":{"line":86,"column":5}},{"start":{},"end":{}}]},"7":{"loc":{"start":{"line":89,"column":4},"end":{"line":94,"column":5}},"type":"if","locations":[{"start":{"line":89,"column":4},"end":{"line":94,"column":5}},{"start":{},"end":{}}]},"8":{"loc":{"start":{"line":89,"column":8},"end":{"line":89,"column":49}},"type":"binary-expr","locations":[{"start":{"line":89,"column":8},"end":{"line":89,"column":21}},{"start":{"line":89,"column":25},"end":{"line":89,"column":49}}]},"9":{"loc":{"start":{"line":91,"column":6},"end":{"line":93,"column":7}},"type":"if","locations":[{"start":{"line":91,"column":6},"end":{"line":93,"column":7}},{"start":{},"end":{}}]},"10":{"loc":{"start":{"line":97,"column":4},"end":{"line":105,"column":5}},"type":"if","locations":[{"start":{"line":97,"column":4},"end":{"line":105,"column":5}},{"start":{},"end":{}}]},"11":{"loc":{"start":{"line":97,"column":8},"end":{"line":97,"column":61}},"type":"binary-expr","locations":[{"start":{"line":97,"column":8},"end":{"line":97,"column":27}},{"start":{"line":97,"column":31},"end":{"line":97,"column":61}}]},"12":{"loc":{"start":{"line":102,"column":6},"end":{"line":104,"column":7}},"type":"if","locations":[{"start":{"line":102,"column":6},"end":{"line":104,"column":7}},{"start":{},"end":{}}]},"13":{"loc":{"start":{"line":126,"column":4},"end":{"line":128,"column":5}},"type":"if","locations":[{"start":{"line":126,"column":4},"end":{"line":128,"column":5}},{"start":{},"end":{}}]},"14":{"loc":{"start":{"line":30,"column":23},"end":{"line":30,"column":null}},"type":"cond-expr","locations":[{"start":{"line":30,"column":32},"end":{"line":30,"column":null}},{"start":{"line":30,"column":32},"end":{"line":30,"column":null}}]},"15":{"loc":{"start":{"line":30,"column":23},"end":{"line":30,"column":32}},"type":"binary-expr","locations":[{"start":{"line":30,"column":23},"end":{"line":30,"column":null}},{"start":{"line":30,"column":23},"end":{"line":30,"column":32}}]},"16":{"loc":{"start":{"line":30,"column":32},"end":{"line":31,"column":null}},"type":"cond-expr","locations":[{"start":{"line":31,"column":36},"end":{"line":31,"column":null}},{"start":{"line":31,"column":36},"end":{"line":31,"column":null}}]},"17":{"loc":{"start":{"line":30,"column":32},"end":{"line":31,"column":36}},"type":"binary-expr","locations":[{"start":{"line":30,"column":32},"end":{"line":31,"column":null}},{"start":{"line":31,"column":25},"end":{"line":31,"column":36}}]}},"s":{"0":1,"1":1,"2":1,"3":1,"4":1,"5":0,"6":0,"7":0,"8":0,"9":0,"10":0,"11":0,"12":0,"13":0,"14":0,"15":0,"16":0,"17":0,"18":0,"19":0,"20":0,"21":0,"22":0,"23":0,"24":0,"25":0,"26":0,"27":0,"28":0,"29":0,"30":0,"31":0,"32":0,"33":0,"34":0,"35":0,"36":0,"37":0,"38":0,"39":0,"40":0,"41":0,"42":0,"43":0,"44":1,"45":1},"f":{"0":0,"1":0,"2":0,"3":0,"4":0,"5":0,"6":0},"b":{"0":[0,0],"1":[0,0],"2":[0,0],"3":[0,0],"4":[0,0],"5":[0,0],"6":[0,0],"7":[0,0],"8":[0,0],"9":[0,0],"10":[0,0],"11":[0,0],"12":[0,0],"13":[0,0],"14":[1,0],"15":[1,1],"16":[1,0],"17":[1,1]}}
,"/Users/peng/myproject/energyStone_back_end-s/mall-api/src/common/interceptors/transform.interceptor.ts": {"path":"/Users/peng/myproject/energyStone_back_end-s/mall-api/src/common/interceptors/transform.interceptor.ts","statementMap":{"0":{"start":{"line":1,"column":0},"end":{"line":1,"column":null}},"1":{"start":{"line":8,"column":0},"end":{"line":8,"column":37}},"2":{"start":{"line":10,"column":0},"end":{"line":10,"column":71}},"3":{"start":{"line":17,"column":7},"end":{"line":39,"column":null}},"4":{"start":{"line":30,"column":4},"end":{"line":37,"column":6}},"5":{"start":{"line":31,"column":24},"end":{"line":36,"column":8}},"6":{"start":{"line":17,"column":13},"end":{"line":17,"column":33}},"7":{"start":{"line":17,"column":13},"end":{"line":39,"column":null}}},"fnMap":{"0":{"name":"(anonymous_1)","decl":{"start":{"line":26,"column":2},"end":{"line":26,"column":11}},"loc":{"start":{"line":28,"column":21},"end":{"line":38,"column":3}}},"1":{"name":"(anonymous_2)","decl":{"start":{"line":31,"column":10},"end":{"line":31,"column":11}},"loc":{"start":{"line":31,"column":24},"end":{"line":36,"column":8}}}},"branchMap":{},"s":{"0":0,"1":0,"2":0,"3":0,"4":0,"5":0,"6":0,"7":0},"f":{"0":0,"1":0},"b":{}}
,"/Users/peng/myproject/energyStone_back_end-s/mall-api/src/common/pipes/mongo-id-validation.pipe.ts": {"path":"/Users/peng/myproject/energyStone_back_end-s/mall-api/src/common/pipes/mongo-id-validation.pipe.ts","statementMap":{"0":{"start":{"line":1,"column":0},"end":{"line":1,"column":null}},"1":{"start":{"line":7,"column":0},"end":{"line":7,"column":33}},"2":{"start":{"line":10,"column":7},"end":{"line":17,"column":null}},"3":{"start":{"line":12,"column":4},"end":{"line":14,"column":5}},"4":{"start":{"line":13,"column":6},"end":{"line":13,"column":47}},"5":{"start":{"line":15,"column":4},"end":{"line":15,"column":17}},"6":{"start":{"line":10,"column":13},"end":{"line":10,"column":34}},"7":{"start":{"line":10,"column":13},"end":{"line":17,"column":null}}},"fnMap":{"0":{"name":"(anonymous_1)","decl":{"start":{"line":11,"column":2},"end":{"line":11,"column":11}},"loc":{"start":{"line":11,"column":25},"end":{"line":16,"column":3}}}},"branchMap":{"0":{"loc":{"start":{"line":12,"column":4},"end":{"line":14,"column":5}},"type":"if","locations":[{"start":{"line":12,"column":4},"end":{"line":14,"column":5}},{"start":{},"end":{}}]}},"s":{"0":0,"1":0,"2":0,"3":0,"4":0,"5":0,"6":0,"7":0},"f":{"0":0},"b":{"0":[0,0]}}
,"/Users/peng/myproject/energyStone_back_end-s/mall-api/src/common/pipes/validation.pipe.ts": {"path":"/Users/peng/myproject/energyStone_back_end-s/mall-api/src/common/pipes/validation.pipe.ts","statementMap":{"0":{"start":{"line":1,"column":0},"end":{"line":1,"column":null}},"1":{"start":{"line":7,"column":0},"end":{"line":7,"column":60}},"2":{"start":{"line":8,"column":0},"end":{"line":8,"column":67}},"3":{"start":{"line":11,"column":7},"end":{"line":65,"column":null}},"4":{"start":{"line":16,"column":4},"end":{"line":18,"column":5}},"5":{"start":{"line":17,"column":6},"end":{"line":17,"column":19}},"6":{"start":{"line":20,"column":19},"end":{"line":20,"column":48}},"7":{"start":{"line":21,"column":19},"end":{"line":24,"column":6}},"8":{"start":{"line":26,"column":4},"end":{"line":32,"column":5}},"9":{"start":{"line":27,"column":28},"end":{"line":27,"column":53}},"10":{"start":{"line":28,"column":6},"end":{"line":31,"column":9}},"11":{"start":{"line":34,"column":4},"end":{"line":34,"column":18}},"12":{"start":{"line":38,"column":18},"end":{"line":38,"column":58}},"13":{"start":{"line":39,"column":4},"end":{"line":39,"column":46}},"14":{"start":{"line":43,"column":57},"end":{"line":43,"column":59}},"15":{"start":{"line":45,"column":4},"end":{"line":61,"column":7}},"16":{"start":{"line":46,"column":23},"end":{"line":46,"column":37}},"17":{"start":{"line":47,"column":26},"end":{"line":47,"column":43}},"18":{"start":{"line":49,"column":6},"end":{"line":51,"column":7}},"19":{"start":{"line":50,"column":8},"end":{"line":50,"column":63}},"20":{"start":{"line":54,"column":6},"end":{"line":60,"column":7}},"21":{"start":{"line":55,"column":29},"end":{"line":55,"column":62}},"22":{"start":{"line":56,"column":8},"end":{"line":59,"column":11}},"23":{"start":{"line":57,"column":31},"end":{"line":57,"column":62}},"24":{"start":{"line":58,"column":10},"end":{"line":58,"column":71}},"25":{"start":{"line":63,"column":4},"end":{"line":63,"column":27}},"26":{"start":{"line":11,"column":13},"end":{"line":11,"column":27}},"27":{"start":{"line":11,"column":13},"end":{"line":65,"column":null}}},"fnMap":{"0":{"name":"(anonymous_1)","decl":{"start":{"line":12,"column":2},"end":{"line":12,"column":7}},"loc":{"start":{"line":14,"column":34},"end":{"line":35,"column":3}}},"1":{"name":"(anonymous_2)","decl":{"start":{"line":37,"column":10},"end":{"line":37,"column":20}},"loc":{"start":{"line":37,"column":38},"end":{"line":40,"column":3}}},"2":{"name":"(anonymous_3)","decl":{"start":{"line":42,"column":10},"end":{"line":42,"column":22}},"loc":{"start":{"line":42,"column":48},"end":{"line":64,"column":3}}},"3":{"name":"(anonymous_4)","decl":{"start":{"line":45,"column":19},"end":{"line":45,"column":20}},"loc":{"start":{"line":45,"column":29},"end":{"line":61,"column":5}}},"4":{"name":"(anonymous_5)","decl":{"start":{"line":56,"column":42},"end":{"line":56,"column":43}},"loc":{"start":{"line":56,"column":61},"end":{"line":59,"column":9}}}},"branchMap":{"0":{"loc":{"start":{"line":16,"column":4},"end":{"line":18,"column":5}},"type":"if","locations":[{"start":{"line":16,"column":4},"end":{"line":18,"column":5}},{"start":{},"end":{}}]},"1":{"loc":{"start":{"line":16,"column":8},"end":{"line":16,"column":47}},"type":"binary-expr","locations":[{"start":{"line":16,"column":8},"end":{"line":16,"column":17}},{"start":{"line":16,"column":21},"end":{"line":16,"column":47}}]},"2":{"loc":{"start":{"line":26,"column":4},"end":{"line":32,"column":5}},"type":"if","locations":[{"start":{"line":26,"column":4},"end":{"line":32,"column":5}},{"start":{},"end":{}}]},"3":{"loc":{"start":{"line":49,"column":6},"end":{"line":51,"column":7}},"type":"if","locations":[{"start":{"line":49,"column":6},"end":{"line":51,"column":7}},{"start":{},"end":{}}]},"4":{"loc":{"start":{"line":54,"column":6},"end":{"line":60,"column":7}},"type":"if","locations":[{"start":{"line":54,"column":6},"end":{"line":60,"column":7}},{"start":{},"end":{}}]},"5":{"loc":{"start":{"line":54,"column":10},"end":{"line":54,"column":53}},"type":"binary-expr","locations":[{"start":{"line":54,"column":10},"end":{"line":54,"column":24}},{"start":{"line":54,"column":28},"end":{"line":54,"column":53}}]}},"s":{"0":0,"1":0,"2":0,"3":0,"4":0,"5":0,"6":0,"7":0,"8":0,"9":0,"10":0,"11":0,"12":0,"13":0,"14":0,"15":0,"16":0,"17":0,"18":0,"19":0,"20":0,"21":0,"22":0,"23":0,"24":0,"25":0,"26":0,"27":0},"f":{"0":0,"1":0,"2":0,"3":0,"4":0},"b":{"0":[0,0],"1":[0,0],"2":[0,0],"3":[0,0],"4":[0,0],"5":[0,0]}}
,"/Users/peng/myproject/energyStone_back_end-s/mall-api/src/config/config.module.ts": {"path":"/Users/peng/myproject/energyStone_back_end-s/mall-api/src/config/config.module.ts","statementMap":{"0":{"start":{"line":1,"column":0},"end":{"line":1,"column":40}},"1":{"start":{"line":2,"column":0},"end":{"line":2,"column":66}},"2":{"start":{"line":3,"column":0},"end":{"line":3,"column":55}},"3":{"start":{"line":22,"column":7},"end":{"line":22,"column":null}},"4":{"start":{"line":22,"column":13},"end":{"line":22,"column":25}},"5":{"start":{"line":22,"column":13},"end":{"line":22,"column":null}}},"fnMap":{},"branchMap":{},"s":{"0":0,"1":0,"2":0,"3":0,"4":0,"5":0},"f":{},"b":{}}
,"/Users/peng/myproject/energyStone_back_end-s/mall-api/src/config/validation.schema.ts": {"path":"/Users/peng/myproject/energyStone_back_end-s/mall-api/src/config/validation.schema.ts","statementMap":{"0":{"start":{"line":1,"column":0},"end":{"line":1,"column":27}},"1":{"start":{"line":6,"column":0},"end":{"line":6,"column":null}},"2":{"start":{"line":7,"column":2},"end":{"line":7,"column":null}},"3":{"start":{"line":8,"column":2},"end":{"line":8,"column":null}},"4":{"start":{"line":9,"column":2},"end":{"line":9,"column":null}},"5":{"start":{"line":16,"column":13},"end":{"line":33,"column":3}}},"fnMap":{"0":{"name":"(anonymous_9)","decl":{"start":{"line":6,"column":0},"end":{"line":6,"column":12}},"loc":{"start":{"line":6,"column":19},"end":{"line":10,"column":1}}}},"branchMap":{"0":{"loc":{"start":{"line":6,"column":12},"end":{"line":6,"column":null}},"type":"binary-expr","locations":[{"start":{"line":6,"column":12},"end":{"line":6,"column":19}},{"start":{"line":6,"column":19},"end":{"line":6,"column":null}}]}},"s":{"0":0,"1":0,"2":0,"3":0,"4":0,"5":0},"f":{"0":0},"b":{"0":[0,0]}}
,"/Users/peng/myproject/energyStone_back_end-s/mall-api/src/modules/auth/auth.module.ts": {"path":"/Users/peng/myproject/energyStone_back_end-s/mall-api/src/modules/auth/auth.module.ts","statementMap":{"0":{"start":{"line":1,"column":0},"end":{"line":1,"column":40}},"1":{"start":{"line":2,"column":0},"end":{"line":2,"column":61}},"2":{"start":{"line":3,"column":0},"end":{"line":3,"column":40}},"3":{"start":{"line":4,"column":0},"end":{"line":4,"column":50}},"4":{"start":{"line":5,"column":0},"end":{"line":5,"column":54}},"5":{"start":{"line":6,"column":0},"end":{"line":6,"column":62}},"6":{"start":{"line":7,"column":0},"end":{"line":7,"column":63}},"7":{"start":{"line":8,"column":0},"end":{"line":8,"column":56}},"8":{"start":{"line":9,"column":0},"end":{"line":9,"column":49}},"9":{"start":{"line":10,"column":0},"end":{"line":10,"column":61}},"10":{"start":{"line":11,"column":0},"end":{"line":11,"column":64}},"11":{"start":{"line":35,"column":7},"end":{"line":35,"column":null}},"12":{"start":{"line":35,"column":13},"end":{"line":35,"column":23}},"13":{"start":{"line":35,"column":13},"end":{"line":35,"column":null}},"14":{"start":{"line":22,"column":53},"end":{"line":27,"column":8}}},"fnMap":{"0":{"name":"(anonymous_1)","decl":{"start":{"line":22,"column":18},"end":{"line":22,"column":19}},"loc":{"start":{"line":22,"column":53},"end":{"line":27,"column":8}}}},"branchMap":{},"s":{"0":0,"1":0,"2":0,"3":0,"4":0,"5":0,"6":0,"7":0,"8":0,"9":0,"10":0,"11":0,"12":0,"13":0,"14":0},"f":{"0":0},"b":{}}
,"/Users/peng/myproject/energyStone_back_end-s/mall-api/src/modules/auth/controllers/auth.controller.ts": {"path":"/Users/peng/myproject/energyStone_back_end-s/mall-api/src/modules/auth/controllers/auth.controller.ts","statementMap":{"0":{"start":{"line":1,"column":0},"end":{"line":1,"column":null}},"1":{"start":{"line":13,"column":0},"end":{"line":13,"column":null}},"2":{"start":{"line":20,"column":0},"end":{"line":20,"column":55}},"3":{"start":{"line":21,"column":0},"end":{"line":21,"column":69}},"4":{"start":{"line":22,"column":0},"end":{"line":22,"column":69}},"5":{"start":{"line":23,"column":0},"end":{"line":23,"column":72}},"6":{"start":{"line":24,"column":0},"end":{"line":24,"column":44}},"7":{"start":{"line":25,"column":0},"end":{"line":25,"column":63}},"8":{"start":{"line":26,"column":0},"end":{"line":26,"column":72}},"9":{"start":{"line":32,"column":7},"end":{"line":203,"column":null}},"10":{"start":{"line":33,"column":22},"end":{"line":33,"column":35}},"11":{"start":{"line":59,"column":22},"end":{"line":59,"column":47}},"12":{"start":{"line":61,"column":4},"end":{"line":85,"column":5}},"13":{"start":{"line":62,"column":19},"end":{"line":66,"column":null}},"14":{"start":{"line":69,"column":6},"end":{"line":71,"column":7}},"15":{"start":{"line":70,"column":8},"end":{"line":70,"column":52}},"16":{"start":{"line":74,"column":6},"end":{"line":76,"column":7}},"17":{"start":{"line":75,"column":8},"end":{"line":75,"column":55}},"18":{"start":{"line":78,"column":6},"end":{"line":78,"column":63}},"19":{"start":{"line":80,"column":6},"end":{"line":82,"column":7}},"20":{"start":{"line":81,"column":8},"end":{"line":81,"column":20}},"21":{"start":{"line":84,"column":6},"end":{"line":84,"column":52}},"22":{"start":{"line":107,"column":4},"end":{"line":107,"column":47}},"23":{"start":{"line":148,"column":22},"end":{"line":148,"column":47}},"24":{"start":{"line":151,"column":4},"end":{"line":153,"column":5}},"25":{"start":{"line":152,"column":6},"end":{"line":152,"column":51}},"26":{"start":{"line":155,"column":4},"end":{"line":161,"column":6}},"27":{"start":{"line":163,"column":4},"end":{"line":163,"column":33}},"28":{"start":{"line":201,"column":4},"end":{"line":201,"column":60}},"29":{"start":{"line":32,"column":13},"end":{"line":32,"column":27}},"30":{"start":{"line":54,"column":8},"end":{"line":86,"column":null}},"31":{"start":{"line":106,"column":8},"end":{"line":108,"column":null}},"32":{"start":{"line":142,"column":8},"end":{"line":164,"column":null}},"33":{"start":{"line":200,"column":2},"end":{"line":202,"column":null}},"34":{"start":{"line":32,"column":13},"end":{"line":203,"column":null}}},"fnMap":{"0":{"name":"(anonymous_4)","decl":{"start":{"line":33,"column":2},"end":{"line":33,"column":22}},"loc":{"start":{"line":33,"column":46},"end":{"line":33,"column":50}}},"1":{"name":"(anonymous_5)","decl":{"start":{"line":54,"column":8},"end":{"line":54,"column":13}},"loc":{"start":{"line":57,"column":20},"end":{"line":86,"column":3}}},"2":{"name":"(anonymous_6)","decl":{"start":{"line":106,"column":8},"end":{"line":106,"column":18}},"loc":{"start":{"line":106,"column":53},"end":{"line":108,"column":3}}},"3":{"name":"(anonymous_7)","decl":{"start":{"line":142,"column":8},"end":{"line":142,"column":22}},"loc":{"start":{"line":146,"column":20},"end":{"line":164,"column":3}}},"4":{"name":"(anonymous_8)","decl":{"start":{"line":200,"column":2},"end":{"line":200,"column":18}},"loc":{"start":{"line":200,"column":47},"end":{"line":202,"column":3}}}},"branchMap":{"0":{"loc":{"start":{"line":69,"column":6},"end":{"line":71,"column":7}},"type":"if","locations":[{"start":{"line":69,"column":6},"end":{"line":71,"column":7}},{"start":{},"end":{}}]},"1":{"loc":{"start":{"line":74,"column":6},"end":{"line":76,"column":7}},"type":"if","locations":[{"start":{"line":74,"column":6},"end":{"line":76,"column":7}},{"start":{},"end":{}}]},"2":{"loc":{"start":{"line":80,"column":6},"end":{"line":82,"column":7}},"type":"if","locations":[{"start":{"line":80,"column":6},"end":{"line":82,"column":7}},{"start":{},"end":{}}]},"3":{"loc":{"start":{"line":151,"column":4},"end":{"line":153,"column":5}},"type":"if","locations":[{"start":{"line":151,"column":4},"end":{"line":153,"column":5}},{"start":{},"end":{}}]},"4":{"loc":{"start":{"line":55,"column":22},"end":{"line":55,"column":null}},"type":"cond-expr","locations":[{"start":{"line":55,"column":30},"end":{"line":55,"column":null}},{"start":{"line":55,"column":30},"end":{"line":55,"column":null}}]},"5":{"loc":{"start":{"line":55,"column":22},"end":{"line":55,"column":30}},"type":"binary-expr","locations":[{"start":{"line":55,"column":22},"end":{"line":55,"column":null}},{"start":{"line":55,"column":22},"end":{"line":55,"column":30}}]},"6":{"loc":{"start":{"line":58,"column":5},"end":{"line":58,"column":null}},"type":"cond-expr","locations":[{"start":{"line":58,"column":12},"end":{"line":58,"column":null}},{"start":{"line":58,"column":12},"end":{"line":58,"column":null}}]},"7":{"loc":{"start":{"line":58,"column":5},"end":{"line":58,"column":12}},"type":"binary-expr","locations":[{"start":{"line":58,"column":5},"end":{"line":58,"column":null}},{"start":{"line":58,"column":5},"end":{"line":58,"column":12}}]},"8":{"loc":{"start":{"line":106,"column":56},"end":{"line":106,"column":null}},"type":"cond-expr","locations":[{"start":{"line":106,"column":63},"end":{"line":106,"column":null}},{"start":{"line":106,"column":63},"end":{"line":106,"column":null}}]},"9":{"loc":{"start":{"line":106,"column":56},"end":{"line":106,"column":63}},"type":"binary-expr","locations":[{"start":{"line":106,"column":56},"end":{"line":106,"column":null}},{"start":{"line":106,"column":56},"end":{"line":106,"column":63}}]},"10":{"loc":{"start":{"line":143,"column":31},"end":{"line":143,"column":null}},"type":"cond-expr","locations":[{"start":{"line":143,"column":48},"end":{"line":143,"column":null}},{"start":{"line":143,"column":48},"end":{"line":143,"column":null}}]},"11":{"loc":{"start":{"line":143,"column":31},"end":{"line":143,"column":48}},"type":"binary-expr","locations":[{"start":{"line":143,"column":31},"end":{"line":143,"column":null}},{"start":{"line":143,"column":31},"end":{"line":143,"column":48}}]},"12":{"loc":{"start":{"line":147,"column":5},"end":{"line":147,"column":null}},"type":"cond-expr","locations":[{"start":{"line":147,"column":12},"end":{"line":147,"column":null}},{"start":{"line":147,"column":12},"end":{"line":147,"column":null}}]},"13":{"loc":{"start":{"line":147,"column":5},"end":{"line":147,"column":12}},"type":"binary-expr","locations":[{"start":{"line":147,"column":5},"end":{"line":147,"column":null}},{"start":{"line":147,"column":5},"end":{"line":147,"column":12}}]},"14":{"loc":{"start":{"line":33,"column":35},"end":{"line":33,"column":49}},"type":"cond-expr","locations":[{"start":{"line":33,"column":46},"end":{"line":33,"column":49}},{"start":{"line":33,"column":46},"end":{"line":33,"column":49}}]},"15":{"loc":{"start":{"line":33,"column":35},"end":{"line":33,"column":46}},"type":"binary-expr","locations":[{"start":{"line":33,"column":35},"end":{"line":33,"column":49}},{"start":{"line":33,"column":35},"end":{"line":33,"column":46}}]}},"s":{"0":0,"1":0,"2":0,"3":0,"4":0,"5":0,"6":0,"7":0,"8":0,"9":0,"10":0,"11":0,"12":0,"13":0,"14":0,"15":0,"16":0,"17":0,"18":0,"19":0,"20":0,"21":0,"22":0,"23":0,"24":0,"25":0,"26":0,"27":0,"28":0,"29":0,"30":0,"31":0,"32":0,"33":0,"34":0},"f":{"0":0,"1":0,"2":0,"3":0,"4":0},"b":{"0":[0,0],"1":[0,0],"2":[0,0],"3":[0,0],"4":[0,0],"5":[0,0],"6":[0,0],"7":[0,0],"8":[0,0],"9":[0,0],"10":[0,0],"11":[0,0],"12":[0,0],"13":[0,0],"14":[0,0],"15":[0,0]}}
,"/Users/peng/myproject/energyStone_back_end-s/mall-api/src/modules/auth/dto/auth-response.dto.ts": {"path":"/Users/peng/myproject/energyStone_back_end-s/mall-api/src/modules/auth/dto/auth-response.dto.ts","statementMap":{"0":{"start":{"line":1,"column":0},"end":{"line":1,"column":46}},"1":{"start":{"line":2,"column":0},"end":{"line":2,"column":67}},"2":{"start":{"line":7,"column":0},"end":{"line":7,"column":13}},"3":{"start":{"line":12,"column":2},"end":{"line":12,"column":null}},"4":{"start":{"line":18,"column":2},"end":{"line":18,"column":null}},"5":{"start":{"line":24,"column":2},"end":{"line":24,"column":null}},"6":{"start":{"line":31,"column":2},"end":{"line":31,"column":null}},"7":{"start":{"line":38,"column":2},"end":{"line":38,"column":null}},"8":{"start":{"line":45,"column":2},"end":{"line":45,"column":null}},"9":{"start":{"line":52,"column":2},"end":{"line":52,"column":null}},"10":{"start":{"line":59,"column":2},"end":{"line":59,"column":null}},"11":{"start":{"line":65,"column":0},"end":{"line":65,"column":13}},"12":{"start":{"line":70,"column":2},"end":{"line":70,"column":null}},"13":{"start":{"line":76,"column":2},"end":{"line":76,"column":null}},"14":{"start":{"line":82,"column":2},"end":{"line":82,"column":null}}},"fnMap":{},"branchMap":{"0":{"loc":{"start":{"line":52,"column":18},"end":{"line":52,"column":23}},"type":"cond-expr","locations":[{"start":{"line":52,"column":22},"end":{"line":52,"column":23}},{"start":{"line":52,"column":22},"end":{"line":52,"column":23}}]},"1":{"loc":{"start":{"line":52,"column":18},"end":{"line":52,"column":22}},"type":"binary-expr","locations":[{"start":{"line":52,"column":18},"end":{"line":52,"column":23}},{"start":{"line":52,"column":18},"end":{"line":52,"column":22}}]}},"s":{"0":0,"1":0,"2":0,"3":0,"4":0,"5":0,"6":0,"7":0,"8":0,"9":0,"10":0,"11":0,"12":0,"13":0,"14":0},"f":{},"b":{"0":[0,0],"1":[0,0]}}
,"/Users/peng/myproject/energyStone_back_end-s/mall-api/src/modules/auth/dto/change-password.dto.ts": {"path":"/Users/peng/myproject/energyStone_back_end-s/mall-api/src/modules/auth/dto/change-password.dto.ts","statementMap":{"0":{"start":{"line":1,"column":0},"end":{"line":1,"column":46}},"1":{"start":{"line":2,"column":0},"end":{"line":2,"column":null}},"2":{"start":{"line":13,"column":0},"end":{"line":13,"column":13}},"3":{"start":{"line":21,"column":2},"end":{"line":21,"column":null}},"4":{"start":{"line":33,"column":2},"end":{"line":33,"column":null}},"5":{"start":{"line":42,"column":2},"end":{"line":42,"column":null}}},"fnMap":{},"branchMap":{},"s":{"0":0,"1":0,"2":0,"3":0,"4":0,"5":0},"f":{},"b":{}}
,"/Users/peng/myproject/energyStone_back_end-s/mall-api/src/modules/auth/dto/login.dto.ts": {"path":"/Users/peng/myproject/energyStone_back_end-s/mall-api/src/modules/auth/dto/login.dto.ts","statementMap":{"0":{"start":{"line":1,"column":0},"end":{"line":1,"column":77}},"1":{"start":{"line":2,"column":0},"end":{"line":2,"column":46}},"2":{"start":{"line":7,"column":0},"end":{"line":7,"column":13}},"3":{"start":{"line":16,"column":2},"end":{"line":16,"column":null}},"4":{"start":{"line":26,"column":2},"end":{"line":26,"column":null}}},"fnMap":{},"branchMap":{},"s":{"0":0,"1":0,"2":0,"3":0,"4":0},"f":{},"b":{}}
,"/Users/peng/myproject/energyStone_back_end-s/mall-api/src/modules/auth/services/auth.service.ts": {"path":"/Users/peng/myproject/energyStone_back_end-s/mall-api/src/modules/auth/services/auth.service.ts","statementMap":{"0":{"start":{"line":1,"column":0},"end":{"line":1,"column":null}},"1":{"start":{"line":6,"column":0},"end":{"line":6,"column":41}},"2":{"start":{"line":7,"column":0},"end":{"line":7,"column":47}},"3":{"start":{"line":8,"column":0},"end":{"line":8,"column":63}},"4":{"start":{"line":9,"column":0},"end":{"line":9,"column":53}},"5":{"start":{"line":10,"column":0},"end":{"line":10,"column":33}},"6":{"start":{"line":17,"column":7},"end":{"line":255,"column":null}},"7":{"start":{"line":19,"column":12},"end":{"line":19,"column":25}},"8":{"start":{"line":20,"column":12},"end":{"line":20,"column":24}},"9":{"start":{"line":21,"column":12},"end":{"line":21,"column":27}},"10":{"start":{"line":22,"column":12},"end":{"line":22,"column":29}},"11":{"start":{"line":40,"column":4},"end":{"line":48,"column":5}},"12":{"start":{"line":41,"column":28},"end":{"line":43,"column":null}},"13":{"start":{"line":45,"column":6},"end":{"line":47,"column":8}},"14":{"start":{"line":50,"column":17},"end":{"line":50,"column":57}},"15":{"start":{"line":51,"column":18},"end":{"line":51,"column":23}},"16":{"start":{"line":53,"column":4},"end":{"line":64,"column":5}},"17":{"start":{"line":55,"column":6},"end":{"line":57,"column":7}},"18":{"start":{"line":56,"column":8},"end":{"line":56,"column":60}},"19":{"start":{"line":59,"column":6},"end":{"line":61,"column":7}},"20":{"start":{"line":60,"column":8},"end":{"line":60,"column":57}},"21":{"start":{"line":63,"column":6},"end":{"line":63,"column":62}},"22":{"start":{"line":67,"column":4},"end":{"line":69,"column":5}},"23":{"start":{"line":68,"column":6},"end":{"line":68,"column":80}},"24":{"start":{"line":71,"column":4},"end":{"line":77,"column":5}},"25":{"start":{"line":73,"column":28},"end":{"line":75,"column":16}},"26":{"start":{"line":76,"column":6},"end":{"line":76,"column":55}},"27":{"start":{"line":79,"column":4},"end":{"line":79,"column":16}},"28":{"start":{"line":95,"column":4},"end":{"line":95,"column":56}},"29":{"start":{"line":98,"column":44},"end":{"line":102,"column":6}},"30":{"start":{"line":104,"column":24},"end":{"line":107,"column":6}},"31":{"start":{"line":110,"column":24},"end":{"line":110,"column":64}},"32":{"start":{"line":111,"column":4},"end":{"line":113,"column":5}},"33":{"start":{"line":112,"column":6},"end":{"line":112,"column":47}},"34":{"start":{"line":114,"column":21},"end":{"line":114,"column":53}},"35":{"start":{"line":115,"column":4},"end":{"line":121,"column":6}},"36":{"start":{"line":130,"column":4},"end":{"line":137,"column":5}},"37":{"start":{"line":131,"column":6},"end":{"line":133,"column":9}},"38":{"start":{"line":135,"column":6},"end":{"line":135,"column":48}},"39":{"start":{"line":136,"column":6},"end":{"line":136,"column":52}},"40":{"start":{"line":146,"column":4},"end":{"line":155,"column":6}},"41":{"start":{"line":164,"column":17},"end":{"line":164,"column":56}},"42":{"start":{"line":165,"column":4},"end":{"line":167,"column":5}},"43":{"start":{"line":166,"column":6},"end":{"line":166,"column":47}},"44":{"start":{"line":169,"column":4},"end":{"line":169,"column":37}},"45":{"start":{"line":187,"column":4},"end":{"line":212,"column":5}},"46":{"start":{"line":188,"column":19},"end":{"line":188,"column":58}},"47":{"start":{"line":189,"column":6},"end":{"line":191,"column":7}},"48":{"start":{"line":190,"column":8},"end":{"line":190,"column":49}},"49":{"start":{"line":194,"column":31},"end":{"line":194,"column":76}},"50":{"start":{"line":195,"column":6},"end":{"line":200,"column":7}},"51":{"start":{"line":199,"column":8},"end":{"line":199,"column":51}},"52":{"start":{"line":203,"column":6},"end":{"line":205,"column":7}},"53":{"start":{"line":204,"column":8},"end":{"line":204,"column":54}},"54":{"start":{"line":208,"column":6},"end":{"line":208,"column":65}},"55":{"start":{"line":210,"column":6},"end":{"line":210,"column":25}},"56":{"start":{"line":211,"column":6},"end":{"line":211,"column":18}},"57":{"start":{"line":221,"column":4},"end":{"line":221,"column":63}},"58":{"start":{"line":230,"column":4},"end":{"line":230,"column":53}},"59":{"start":{"line":239,"column":17},"end":{"line":239,"column":36}},"60":{"start":{"line":240,"column":18},"end":{"line":240,"column":50}},"61":{"start":{"line":242,"column":4},"end":{"line":253,"column":5}},"62":{"start":{"line":244,"column":8},"end":{"line":244,"column":21}},"63":{"start":{"line":246,"column":8},"end":{"line":246,"column":26}},"64":{"start":{"line":248,"column":8},"end":{"line":248,"column":31}},"65":{"start":{"line":250,"column":8},"end":{"line":250,"column":36}},"66":{"start":{"line":252,"column":8},"end":{"line":252,"column":20}},"67":{"start":{"line":17,"column":13},"end":{"line":17,"column":24}},"68":{"start":{"line":17,"column":13},"end":{"line":255,"column":null}}},"fnMap":{"0":{"name":"(anonymous_11)","decl":{"start":{"line":18,"column":2},"end":{"line":18,"column":null}},"loc":{"start":{"line":22,"column":44},"end":{"line":23,"column":6}}},"1":{"name":"(anonymous_12)","decl":{"start":{"line":33,"column":2},"end":{"line":33,"column":7}},"loc":{"start":{"line":37,"column":22},"end":{"line":80,"column":3}}},"2":{"name":"(anonymous_13)","decl":{"start":{"line":89,"column":2},"end":{"line":89,"column":7}},"loc":{"start":{"line":92,"column":22},"end":{"line":122,"column":3}}},"3":{"name":"(anonymous_14)","decl":{"start":{"line":129,"column":2},"end":{"line":129,"column":7}},"loc":{"start":{"line":129,"column":35},"end":{"line":138,"column":3}}},"4":{"name":"(anonymous_15)","decl":{"start":{"line":145,"column":10},"end":{"line":145,"column":24}},"loc":{"start":{"line":145,"column":46},"end":{"line":156,"column":3}}},"5":{"name":"(anonymous_16)","decl":{"start":{"line":163,"column":2},"end":{"line":163,"column":7}},"loc":{"start":{"line":163,"column":33},"end":{"line":170,"column":3}}},"6":{"name":"(anonymous_17)","decl":{"start":{"line":180,"column":2},"end":{"line":180,"column":7}},"loc":{"start":{"line":185,"column":22},"end":{"line":213,"column":3}}},"7":{"name":"(anonymous_18)","decl":{"start":{"line":220,"column":2},"end":{"line":220,"column":18}},"loc":{"start":{"line":220,"column":36},"end":{"line":222,"column":3}}},"8":{"name":"(anonymous_19)","decl":{"start":{"line":229,"column":2},"end":{"line":229,"column":15}},"loc":{"start":{"line":229,"column":44},"end":{"line":231,"column":3}}},"9":{"name":"(anonymous_20)","decl":{"start":{"line":238,"column":10},"end":{"line":238,"column":24}},"loc":{"start":{"line":238,"column":42},"end":{"line":254,"column":3}}}},"branchMap":{"0":{"loc":{"start":{"line":40,"column":4},"end":{"line":48,"column":5}},"type":"if","locations":[{"start":{"line":40,"column":4},"end":{"line":48,"column":5}},{"start":{},"end":{}}]},"1":{"loc":{"start":{"line":40,"column":8},"end":{"line":40,"column":64}},"type":"binary-expr","locations":[{"start":{"line":40,"column":8},"end":{"line":40,"column":10}},{"start":{"line":40,"column":14},"end":{"line":40,"column":64}}]},"2":{"loc":{"start":{"line":53,"column":4},"end":{"line":64,"column":5}},"type":"if","locations":[{"start":{"line":53,"column":4},"end":{"line":64,"column":5}},{"start":{},"end":{}}]},"3":{"loc":{"start":{"line":55,"column":6},"end":{"line":57,"column":7}},"type":"if","locations":[{"start":{"line":55,"column":6},"end":{"line":57,"column":7}},{"start":{},"end":{}}]},"4":{"loc":{"start":{"line":59,"column":6},"end":{"line":61,"column":7}},"type":"if","locations":[{"start":{"line":59,"column":6},"end":{"line":61,"column":7}},{"start":{},"end":{}}]},"5":{"loc":{"start":{"line":67,"column":4},"end":{"line":69,"column":5}},"type":"if","locations":[{"start":{"line":67,"column":4},"end":{"line":69,"column":5}},{"start":{},"end":{}}]},"6":{"loc":{"start":{"line":71,"column":4},"end":{"line":77,"column":5}},"type":"if","locations":[{"start":{"line":71,"column":4},"end":{"line":77,"column":5}},{"start":{},"end":{}}]},"7":{"loc":{"start":{"line":71,"column":8},"end":{"line":71,"column":23}},"type":"binary-expr","locations":[{"start":{"line":71,"column":8},"end":{"line":71,"column":12}},{"start":{"line":71,"column":16},"end":{"line":71,"column":23}}]},"8":{"loc":{"start":{"line":101,"column":12},"end":{"line":101,"column":73}},"type":"cond-expr","locations":[{"start":{"line":101,"column":50},"end":{"line":101,"column":68}},{"start":{"line":101,"column":71},"end":{"line":101,"column":73}}]},"9":{"loc":{"start":{"line":101,"column":12},"end":{"line":101,"column":47}},"type":"binary-expr","locations":[{"start":{"line":101,"column":12},"end":{"line":101,"column":22}},{"start":{"line":101,"column":26},"end":{"line":101,"column":47}}]},"10":{"loc":{"start":{"line":111,"column":4},"end":{"line":113,"column":5}},"type":"if","locations":[{"start":{"line":111,"column":4},"end":{"line":113,"column":5}},{"start":{},"end":{}}]},"11":{"loc":{"start":{"line":165,"column":4},"end":{"line":167,"column":5}},"type":"if","locations":[{"start":{"line":165,"column":4},"end":{"line":167,"column":5}},{"start":{},"end":{}}]},"12":{"loc":{"start":{"line":189,"column":6},"end":{"line":191,"column":7}},"type":"if","locations":[{"start":{"line":189,"column":6},"end":{"line":191,"column":7}},{"start":{},"end":{}}]},"13":{"loc":{"start":{"line":195,"column":6},"end":{"line":200,"column":7}},"type":"if","locations":[{"start":{"line":195,"column":6},"end":{"line":200,"column":7}},{"start":{},"end":{}}]},"14":{"loc":{"start":{"line":196,"column":8},"end":{"line":197,"column":75}},"type":"binary-expr","locations":[{"start":{"line":196,"column":8},"end":{"line":196,"column":25}},{"start":{"line":197,"column":8},"end":{"line":197,"column":75}}]},"15":{"loc":{"start":{"line":203,"column":6},"end":{"line":205,"column":7}},"type":"if","locations":[{"start":{"line":203,"column":6},"end":{"line":205,"column":7}},{"start":{},"end":{}}]},"16":{"loc":{"start":{"line":242,"column":4},"end":{"line":253,"column":5}},"type":"switch","locations":[{"start":{"line":243,"column":6},"end":{"line":244,"column":21}},{"start":{"line":245,"column":6},"end":{"line":246,"column":26}},{"start":{"line":247,"column":6},"end":{"line":248,"column":31}},{"start":{"line":249,"column":6},"end":{"line":250,"column":36}},{"start":{"line":251,"column":6},"end":{"line":252,"column":20}}]},"17":{"loc":{"start":{"line":19,"column":25},"end":{"line":19,"column":null}},"type":"cond-expr","locations":[{"start":{"line":19,"column":36},"end":{"line":19,"column":null}},{"start":{"line":19,"column":36},"end":{"line":19,"column":null}}]},"18":{"loc":{"start":{"line":19,"column":25},"end":{"line":19,"column":36}},"type":"binary-expr","locations":[{"start":{"line":19,"column":25},"end":{"line":19,"column":null}},{"start":{"line":19,"column":25},"end":{"line":19,"column":36}}]},"19":{"loc":{"start":{"line":19,"column":36},"end":{"line":20,"column":null}},"type":"cond-expr","locations":[{"start":{"line":20,"column":34},"end":{"line":20,"column":null}},{"start":{"line":20,"column":34},"end":{"line":20,"column":null}}]},"20":{"loc":{"start":{"line":19,"column":36},"end":{"line":20,"column":34}},"type":"binary-expr","locations":[{"start":{"line":19,"column":36},"end":{"line":20,"column":null}},{"start":{"line":20,"column":24},"end":{"line":20,"column":34}}]},"21":{"loc":{"start":{"line":20,"column":34},"end":{"line":21,"column":null}},"type":"cond-expr","locations":[{"start":{"line":21,"column":40},"end":{"line":21,"column":null}},{"start":{"line":21,"column":40},"end":{"line":21,"column":null}}]},"22":{"loc":{"start":{"line":20,"column":34},"end":{"line":21,"column":40}},"type":"binary-expr","locations":[{"start":{"line":20,"column":34},"end":{"line":21,"column":null}},{"start":{"line":21,"column":27},"end":{"line":21,"column":40}}]},"23":{"loc":{"start":{"line":21,"column":40},"end":{"line":22,"column":null}},"type":"cond-expr","locations":[{"start":{"line":22,"column":44},"end":{"line":22,"column":null}},{"start":{"line":22,"column":44},"end":{"line":22,"column":null}}]},"24":{"loc":{"start":{"line":21,"column":40},"end":{"line":22,"column":44}},"type":"binary-expr","locations":[{"start":{"line":21,"column":40},"end":{"line":22,"column":null}},{"start":{"line":22,"column":29},"end":{"line":22,"column":44}}]}},"s":{"0":0,"1":0,"2":0,"3":0,"4":0,"5":0,"6":0,"7":0,"8":0,"9":0,"10":0,"11":0,"12":0,"13":0,"14":0,"15":0,"16":0,"17":0,"18":0,"19":0,"20":0,"21":0,"22":0,"23":0,"24":0,"25":0,"26":0,"27":0,"28":0,"29":0,"30":0,"31":0,"32":0,"33":0,"34":0,"35":0,"36":0,"37":0,"38":0,"39":0,"40":0,"41":0,"42":0,"43":0,"44":0,"45":0,"46":0,"47":0,"48":0,"49":0,"50":0,"51":0,"52":0,"53":0,"54":0,"55":0,"56":0,"57":0,"58":0,"59":0,"60":0,"61":0,"62":0,"63":0,"64":0,"65":0,"66":0,"67":0,"68":0},"f":{"0":0,"1":0,"2":0,"3":0,"4":0,"5":0,"6":0,"7":0,"8":0,"9":0},"b":{"0":[0,0],"1":[0,0],"2":[0,0],"3":[0,0],"4":[0,0],"5":[0,0],"6":[0,0],"7":[0,0],"8":[0,0],"9":[0,0],"10":[0,0],"11":[0,0],"12":[0,0],"13
[...]
olumn":25},"end":{"line":206,"column":65}},"52":{"start":{"line":207,"column":4},"end":{"line":209,"column":5}},"53":{"start":{"line":208,"column":6},"end":{"line":208,"column":61}},"54":{"start":{"line":212,"column":4},"end":{"line":217,"column":5}},"55":{"start":{"line":213,"column":20},"end":{"line":213,"column":73}},"56":{"start":{"line":214,"column":6},"end":{"line":216,"column":7}},"57":{"start":{"line":215,"column":8},"end":{"line":215,"column":67}},"58":{"start":{"line":220,"column":24},"end":{"line":224,"column":13}},"59":{"start":{"line":226,"column":4},"end":{"line":228,"column":5}},"60":{"start":{"line":227,"column":6},"end":{"line":227,"column":74}},"61":{"start":{"line":230,"column":4},"end":{"line":230,"column":53}},"62":{"start":{"line":238,"column":19},"end":{"line":238,"column":68}},"63":{"start":{"line":239,"column":4},"end":{"line":241,"column":5}},"64":{"start":{"line":240,"column":6},"end":{"line":240,"column":61}},"65":{"start":{"line":251,"column":6},"end":{"line":251,"column":70}},"66":{"start":{"line":252,"column":19},"end":{"line":252,"column":21}},"67":{"start":{"line":253,"column":4},"end":{"line":255,"column":5}},"68":{"start":{"line":253,"column":17},"end":{"line":253,"column":18}},"69":{"start":{"line":254,"column":6},"end":{"line":254,"column":77}},"70":{"start":{"line":256,"column":4},"end":{"line":256,"column":20}},"71":{"start":{"line":266,"column":17},"end":{"line":266,"column":79}},"72":{"start":{"line":267,"column":4},"end":{"line":269,"column":5}},"73":{"start":{"line":268,"column":6},"end":{"line":268,"column":19}},"74":{"start":{"line":272,"column":24},"end":{"line":272,"column":53}},"75":{"start":{"line":273,"column":4},"end":{"line":273,"column":44}},"76":{"start":{"line":283,"column":17},"end":{"line":283,"column":79}},"77":{"start":{"line":284,"column":4},"end":{"line":286,"column":5}},"78":{"start":{"line":285,"column":6},"end":{"line":285,"column":19}},"79":{"start":{"line":288,"column":22},"end":{"line":288,"column":50}},"80":{"start":{"line":289,"column":26},"end":{"line":289,"column":60}},"81":{"start":{"line":289,"column":50},"end":{"line":289,"column":59}},"82":{"start":{"line":291,"column":4},"end":{"line":291,"column":74}},"83":{"start":{"line":291,"column":40},"end":{"line":291,"column":72}},"84":{"start":{"line":300,"column":19},"end":{"line":300,"column":46}},"85":{"start":{"line":301,"column":27},"end":{"line":301,"column":44}},"86":{"start":{"line":303,"column":4},"end":{"line":319,"column":5}},"87":{"start":{"line":304,"column":6},"end":{"line":318,"column":7}},"88":{"start":{"line":306,"column":28},"end":{"line":306,"column":null}},"89":{"start":{"line":311,"column":8},"end":{"line":317,"column":11}},"90":{"start":{"line":312,"column":10},"end":{"line":316,"column":11}},"91":{"start":{"line":313,"column":12},"end":{"line":313,"column":34}},"92":{"start":{"line":314,"column":17},"end":{"line":316,"column":11}},"93":{"start":{"line":315,"column":12},"end":{"line":315,"column":39}},"94":{"start":{"line":322,"column":4},"end":{"line":322,"column":31}},"95":{"start":{"line":334,"column":17},"end":{"line":334,"column":79}},"96":{"start":{"line":336,"column":4},"end":{"line":338,"column":5}},"97":{"start":{"line":337,"column":6},"end":{"line":337,"column":61}},"98":{"start":{"line":341,"column":24},"end":{"line":341,"column":53}},"99":{"start":{"line":344,"column":18},"end":{"line":344,"column":62}},"100":{"start":{"line":346,"column":4},"end":{"line":349,"column":6}},"101":{"start":{"line":358,"column":21},"end":{"line":419,"column":6}},"102":{"start":{"line":422,"column":4},"end":{"line":441,"column":39}},"103":{"start":{"line":424,"column":8},"end":{"line":432,"column":9}},"104":{"start":{"line":425,"column":35},"end":{"line":427,"column":null}},"105":{"start":{"line":427,"column":14},"end":{"line":427,"column":73}},"106":{"start":{"line":429,"column":10},"end":{"line":431,"column":11}},"107":{"start":{"line":430,"column":12},"end":{"line":430,"column":59}},"108":{"start":{"line":433,"column":8},"end":{"line":438,"column":9}},"109":{"start":{"line":437,"column":10},"end":{"line":437,"column":22}},"110":{"start":{"line":439,"column":8},"end":{"line":439,"column":20}},"111":{"start":{"line":441,"column":24},"end":{"line":441,"column":37}},"112":{"start":{"line":449,"column":26},"end":{"line":449,"column":33}},"113":{"start":{"line":450,"column":26},"end":{"line":450,"column":59}},"114":{"start":{"line":452,"column":4},"end":{"line":455,"column":5}},"115":{"start":{"line":453,"column":6},"end":{"line":453,"column":30}},"116":{"start":{"line":454,"column":6},"end":{"line":454,"column":13}},"117":{"start":{"line":457,"column":28},"end":{"line":458,"column":null}},"118":{"start":{"line":461,"column":4},"end":{"line":466,"column":5}},"119":{"start":{"line":462,"column":6},"end":{"line":464,"column":8}},"120":{"start":{"line":465,"column":6},"end":{"line":465,"column":13}},"121":{"start":{"line":468,"column":41},"end":{"line":472,"column":6}},"122":{"start":{"line":474,"column":4},"end":{"line":474,"column":37}},"123":{"start":{"line":475,"column":4},"end":{"line":475,"column":44}},"124":{"start":{"line":484,"column":20},"end":{"line":484,"column":null}},"125":{"start":{"line":493,"column":18},"end":{"line":497,"column":7}},"126":{"start":{"line":493,"column":55},"end":{"line":497,"column":6}},"127":{"start":{"line":500,"column":25},"end":{"line":501,"column":null}},"128":{"start":{"line":501,"column":16},"end":{"line":501,"column":50}},"129":{"start":{"line":504,"column":4},"end":{"line":516,"column":6}},"130":{"start":{"line":15,"column":13},"end":{"line":15,"column":24}},"131":{"start":{"line":15,"column":13},"end":{"line":518,"column":null}}},"fnMap":{"0":{"name":"(anonymous_4)","decl":{"start":{"line":16,"column":2},"end":{"line":16,"column":null}},"loc":{"start":{"line":18,"column":36},"end":{"line":19,"column":6}}},"1":{"name":"(anonymous_5)","decl":{"start":{"line":26,"column":2},"end":{"line":26,"column":7}},"loc":{"start":{"line":26,"column":32},"end":{"line":28,"column":3}}},"2":{"name":"(anonymous_6)","decl":{"start":{"line":35,"column":2},"end":{"line":35,"column":7}},"loc":{"start":{"line":35,"column":27},"end":{"line":51,"column":3}}},"3":{"name":"(anonymous_7)","decl":{"start":{"line":59,"column":2},"end":{"line":59,"column":7}},"loc":{"start":{"line":59,"column":47},"end":{"line":69,"column":3}}},"4":{"name":"(anonymous_8)","decl":{"start":{"line":77,"column":2},"end":{"line":77,"column":7}},"loc":{"start":{"line":81,"column":5},"end":{"line":94,"column":3}}},"5":{"name":"(anonymous_9)","decl":{"start":{"line":101,"column":2},"end":{"line":101,"column":7}},"loc":{"start":{"line":101,"column":54},"end":{"line":105,"column":3}}},"6":{"name":"(anonymous_10)","decl":{"start":{"line":112,"column":2},"end":{"line":112,"column":7}},"loc":{"start":{"line":112,"column":35},"end":{"line":158,"column":3}}},"7":{"name":"(anonymous_11)","decl":{"start":{"line":147,"column":27},"end":{"line":147,"column":28}},"loc":{"start":{"line":147,"column":37},"end":{"line":147,"column":71}}},"8":{"name":"(anonymous_12)","decl":{"start":{"line":165,"column":2},"end":{"line":165,"column":7}},"loc":{"start":{"line":165,"column":43},"end":{"line":193,"column":3}}},"9":{"name":"(anonymous_13)","decl":{"start":{"line":201,"column":2},"end":{"line":201,"column":7}},"loc":{"start":{"line":203,"column":32},"end":{"line":231,"column":3}}},"10":{"name":"(anonymous_14)","decl":{"start":{"line":237,"column":2},"end":{"line":237,"column":7}},"loc":{"start":{"line":237,"column":25},"end":{"line":242,"column":3}}},"11":{"name":"(anonymous_15)","decl":{"start":{"line":249,"column":2},"end":{"line":249,"column":24}},"loc":{"start":{"line":249,"column":43},"end":{"line":257,"column":3}}},"12":{"name":"(anonymous_16)","decl":{"start":{"line":265,"column":2},"end":{"line":265,"column":7}},"loc":{"start":{"line":265,"column":56},"end":{"line":274,"column":3}}},"13":{"name":"(anonymous_17)","decl":{"start":{"line":282,"column":2},"end":{"line":282,"column":7}},"loc":{"start":{"line":282,"column":51},"end":{"line":292,"column":3}}},"14":{"name":"(anonymous_18)","decl":{"start":{"line":289,"column":40},"end":{"line":289,"column":41}},"loc":{"start":{"line":289,"column":50},"end":{"line":289,"column":59}}},"15":{"name":"(anonymous_19)","decl":{"start":{"line":291,"column":26},"end":{"line":291,"column":27}},"loc":{"start":{"line":291,"column":40},"end":{"line":291,"column":72}}},"16":{"name":"(anonymous_20)","decl":{"start":{"line":299,"column":2},"end":{"line":299,"column":20}},"loc":{"start":{"line":299,"column":39},"end":{"line":323,"column":3}}},"17":{"name":"(anonymous_21)","decl":{"start":{"line":311,"column":28},"end":{"line":311,"column":29}},"loc":{"start":{"line":311,"column":34},"end":{"line":317,"column":9}}},"18":{"name":"(anonymous_22)","decl":{"start":{"line":330,"column":2},"end":{"line":330,"column":7}},"loc":{"start":{"line":330,"column":35},"end":{"line":350,"column":3}}},"19":{"name":"(anonymous_23)","decl":{"start":{"line":357,"column":10},"end":{"line":357,"column":36}},"loc":{"start":{"line":357,"column":58},"end":{"line":442,"column":3}}},"20":{"name":"(anonymous_24)","decl":{"start":{"line":423,"column":11},"end":{"line":423,"column":12}},"loc":{"start":{"line":423,"column":20},"end":{"line":440,"column":7}}},"21":{"name":"(anonymous_25)","decl":{"start":{"line":426,"column":12},"end":{"line":426,"column":13}},"loc":{"start":{"line":427,"column":14},"end":{"line":427,"column":73}}},"22":{"name":"(anonymous_26)","decl":{"start":{"line":441,"column":14},"end":{"line":441,"column":15}},"loc":{"start":{"line":441,"column":24},"end":{"line":441,"column":37}}},"23":{"name":"(anonymous_27)","decl":{"start":{"line":448,"column":2},"end":{"line":448,"column":7}},"loc":{"start":{"line":448,"column":26},"end":{"line":476,"column":3}}},"24":{"name":"(anonymous_28)","decl":{"start":{"line":483,"column":10},"end":{"line":483,"column":33}},"loc":{"start":{"line":483,"column":52},"end":{"line":517,"column":3}}},"25":{"name":"(anonymous_29)","decl":{"start":{"line":493,"column":44},"end":{"line":493,"column":45}},"loc":{"start":{"line":493,"column":55},"end":{"line":497,"column":6}}},"26":{"name":"(anonymous_30)","decl":{"start":{"line":501,"column":6},"end":{"line":501,"column":7}},"loc":{"start":{"line":501,"column":16},"end":{"line":501,"column":50}}}},"branchMap":{"0":{"loc":{"start":{"line":42,"column":6},"end":{"line":45,"column":7}},"type":"if","locations":[{"start":{"line":42,"column":6},"end":{"line":45,"column":7}},{"start":{},"end":{}}]},"1":{"loc":{"start":{"line":64,"column":4},"end":{"line":66,"column":5}},"type":"if","locations":[{"start":{"line":64,"column":4},"end":{"line":66,"column":5}},{"start":{},"end":{}}]},"2":{"loc":{"start":{"line":89,"column":4},"end":{"line":91,"column":5}},"type":"if","locations":[{"start":{"line":89,"column":4},"end":{"line":91,"column":5}},{"start":{},"end":{}}]},"3":{"loc":{"start":{"line":113,"column":12},"end":{"line":113,"column":20}},"type":"default-arg","locations":[{"start":{"line":113,"column":19},"end":{"line":113,"column":20}}]},"4":{"loc":{"start":{"line":113,"column":22},"end":{"line":113,"column":32}},"type":"default-arg","locations":[{"start":{"line":113,"column":30},"end":{"line":113,"column":32}}]},"5":{"loc":{"start":{"line":118,"column":4},"end":{"line":120,"column":5}},"type":"if","locations":[{"start":{"line":118,"column":4},"end":{"line":120,"column":5}},{"start":{},"end":{}}]},"6":{"loc":{"start":{"line":122,"column":4},"end":{"line":124,"column":5}},"type":"if","locations":[{"start":{"line":122,"column":4},"end":{"line":124,"column":5}},{"start":{},"end":{}}]},"7":{"loc":{"start":{"line":126,"column":4},"end":{"line":128,"column":5}},"type":"if","locations":[{"start":{"line":126,"column":4},"end":{"line":128,"column":5}},{"start":{},"end":{}}]},"8":{"loc":{"start":{"line":170,"column":4},"end":{"line":172,"column":5}},"type":"if","locations":[{"start":{"line":170,"column":4},"end":{"line":172,"column":5}},{"start":{},"end":{}}]},"9":{"loc":{"start":{"line":175,"column":4},"end":{"line":180,"column":5}},"type":"if","locations":[{"start":{"line":175,"column":4},"end":{"line":180,"column":5}},{"start":{},"end":{}}]},"10":{"loc":{"start":{"line":175,"column":8},"end":{"line":175,"column":61}},"type":"binary-expr","locations":[{"start":{"line":175,"column":8},"end":{"line":175,"column":27}},{"start":{"line":175,"column":31},"end":{"line":175,"column":61}}]},"11":{"loc":{"start":{"line":177,"column":6},"end":{"line":179,"column":7}},"type":"if","locations":[{"start":{"line":177,"column":6},"end":{"line":179,"column":7}},{"start":{},"end":{}}]},"12":{"loc":{"start":{"line":207,"column":4},"end":{"line":209,"column":5}},"type":"if","locations":[{"start":{"line":207,"column":4},"end":{"line":209,"column":5}},{"start":{},"end":{}}]},"13":{"loc":{"start":{"line":212,"column":4},"end":{"line":217,"column":5}},"type":"if","locations":[{"start":{"line":212,"column":4},"end":{"line":217,"column":5}},{"start":{},"end":{}}]},"14":{"loc":{"start":{"line":212,"column":8},"end":{"line":212,"column":61}},"type":"binary-expr","locations":[{"start":{"line":212,"column":8},"end":{"line":212,"column":27}},{"start":{"line":212,"column":31},"end":{"line":212,"column":61}}]},"15":{"loc":{"start":{"line":214,"column":6},"end":{"line":216,"column":7}},"type":"if","locations":[{"start":{"line":214,"column":6},"end":{"line":216,"column":7}},{"start":{},"end":{}}]},"16":{"loc":{"start":{"line":226,"column":4},"end":{"line":228,"column":5}},"type":"if","locations":[{"start":{"line":226,"column":4},"end":{"line":228,"column":5}},{"start":{},"end":{}}]},"17":{"loc":{"start":{"line":239,"column":4},"end":{"line":241,"column":5}},"type":"if","locations":[{"start":{"line":239,"column":4},"end":{"line":241,"column":5}},{"start":{},"end":{}}]},"18":{"loc":{"start":{"line":249,"column":25},"end":{"line":249,"column":43}},"type":"default-arg","locations":[{"start":{"line":249,"column":42},"end":{"line":249,"column":43}}]},"19":{"loc":{"start":{"line":267,"column":4},"end":{"line":269,"column":5}},"type":"if","locations":[{"start":{"line":267,"column":4},"end":{"line":269,"column":5}},{"start":{},"end":{}}]},"20":{"loc":{"start":{"line":284,"column":4},"end":{"line":286,"column":5}},"type":"if","locations":[{"start":{"line":284,"column":4},"end":{"line":286,"column":5}},{"start":{},"end":{}}]},"21":{"loc":{"start":{"line":300,"column":19},"end":{"line":300,"column":46}},"type":"binary-expr","locations":[{"start":{"line":300,"column":19},"end":{"line":300,"column":40}},{"start":{"line":300,"column":44},"end":{"line":300,"column":46}}]},"22":{"loc":{"start":{"line":304,"column":6},"end":{"line":318,"column":7}},"type":"if","locations":[{"start":{"line":304,"column":6},"end":{"line":318,"column":7}},{"start":{},"end":{}}]},"23":{"loc":{"start":{"line":312,"column":10},"end":{"line":316,"column":11}},"type":"if","locations":[{"start":{"line":312,"column":10},"end":{"line":316,"column":11}},{"start":{"line":314,"column":17},"end":{"line":316,"column":11}}]},"24":{"loc":{"start":{"line":314,"column":17},"end":{"line":316,"column":11}},"type":"if","locations":[{"start":{"line":314,"column":17},"end":{"line":316,"column":11}},{"start":{},"end":{}}]},"25":{"loc":{"start":{"line":314,"column":21},"end":{"line":314,"column":37}},"type":"binary-expr","locations":[{"start":{"line":314,"column":21},"end":{"line":314,"column":22}},{"start":{"line":314,"column":26},"end":{"line":314,"column":37}}]},"26":{"loc":{"start":{"line":336,"column":4},"end":{"line":338,"column":5}},"type":"if","locations":[{"start":{"line":336,"column":4},"end":{"line":338,"column":5}},{"start":{},"end":{}}]},"27":{"loc":{"start":{"line":424,"column":8},"end":{"line":432,"column":9}},"type":"if","locations":[{"start":{"line":424,"column":8},"end":{"line":432,"column":9}},{"start":{},"end":{}}]},"28":{"loc":{"start":{"line":427,"column":14},"end":{"line":427,"column":73}},"type":"binary-expr","locations":[{"start":{"line":427,"column":14},"end":{"line":427,"column":31}},{"start":{"line":427,"column":35},"end":{"line":427,"column":73}}]},"29":{"loc":{"start":{"line":429,"column":10},"end":{"line":431,"column":11}},"type":"if","locations":[{"start":{"line":429,"column":10},"end":{"line":431,"column":11}},{"start":{},"end":{}}]},"30":{"loc":{"start":{"line":433,"column":8},"end":{"line":438,"column":9}},"type":"if","locations":[{"start":{"line":433,"column":8},"end":{"line":438,"column":9}},{"start":{},"end":{}}]},"31":{"loc":{"start":{"line":434,"column":10},"end":{"line":435,"column":69}},"type":"binary-expr","locations":[{"start":{"line":434,"column":10},"end":{"line":434,"column":24}},{"start":{"line":435,"column":11},"end":{"line":435,"column":27}},{"start":{"line":435,"column":31},"end":{"line":435,"column":68}}]},"32":{"loc":{"start":{"line":452,"column":4},"end":{"line":455,"column":5}},"type":"if","locations":[{"start":{"line":452,"column":4},"end":{"line":455,"column":5}},{"start":{},"end":{}}]},"33":{"loc":{"start":{"line":461,"column":4},"end":{"line":466,"column":5}},"type":"if","locations":[{"start":{"line":461,"column":4},"end":{"line":466,"column":5}},{"start":{},"end":{}}]},"34":{"loc":{"start":{"line":493,"column":19},"end":{"line":493,"column":38}},"type":"binary-expr","locations":[{"start":{"line":493,"column":19},"end":{"line":493,"column":32}},{"start":{"line":493,"column":36},"end":{"line":493,"column":38}}]},"35":{"loc":{"start":{"line":17,"column":47},"end":{"line":17,"column":66}},"type":"cond-expr","locations":[{"start":{"line":17,"column":52},"end":{"line":17,"column":66}},{"start":{"line":17,"column":52},"end":{"line":17,"column":66}}]},"36":{"loc":{"start":{"line":17,"column":47},"end":{"line":17,"column":52}},"type":"binary-expr","locations":[{"start":{"line":17,"column":47},"end":{"line":17,"column":66}},{"start":{"line":17,"column":47},"end":{"line":17,"column":52}}]},"37":{"loc":{"start":{"line":17,"column":52},"end":{"line":18,"column":null}},"type":"cond-expr","locations":[{"start":{"line":18,"column":36},"end":{"line":18,"column":null}},{"start":{"line":18,"column":36},"end":{"line":18,"column":null}}]},"38":{"loc":{"start":{"line":17,"column":52},"end":{"line":18,"column":36}},"type":"binary-expr","locations":[{"start":{"line":17,"column":52},"end":{"line":18,"column":null}},{"start":{"line":18,"column":25},"end":{"line":18,"column":36}}]}},"s":{"0":1,"1":1,"2":1,"3":1,"4":1,"5":1,"6":1,"7":0,"8":0,"9":0,"10":0,"11":0,"12":0,"13":0,"14":0,"15":0,"16":0,"17":0,"18":0,"19":0,"20":0,"21":0,"22":0,"23":0,"24":0,"25":0,"26":0,"27":0,"28":0,"29":0,"30":0,"31":0,"32":0,"33":0,"34":0,"35":0,"36":0,"37":0,"38":0,"39":0,"40":0,"41":0,"42":0,"43":0,"44":0,"45":0,"46":0,"47":0,"48":0,"49":0,"50":0,"51":0,"52":0,"53":0,"54":0,"55":0,"56":0,"57":0,"58":0,"59":0,"60":0,"61":0,"62":0,"63":0,"64":0,"65":0,"66":0,"67":0,"68":0,"69":0,"70":0,"71":0,"72":0,"73":0,"74":0,"75":0,"76":0,"77":0,"78":0,"79":0,"80":0,"81":0,"82":0,"83":0,"84":0,"85":0,"86":0,"87":0,"88":0,"89":0,"90":0,"91":0,"92":0,"93":0,"94":0,"95":0,"96":0,"97":0,"98":0,"99":0,"100":0,"101":0,"102":0,"103":0,"104":0,"105":0,"106":0,"107":0,"108":0,"109":0,"110":0,"111":0,"112":0,"113":0,"114":0,"115":0,"116":0,"117":0,"118":0,"119":0,"120":0,"121":0,"122":0,"123":0,"124":0,"125":0,"126":0,"127":0,"128":0,"129":0,"130":1,"131":1},"f":{"0":0,"1":0,"2":0,"3":0,"4":0,"5":0,"6":0,"7":0,"8":0,"9":0,"10":0,"11":0,"12":0,"13":0,"14":0,"15":0,"16":0,"17":0,"18":0,"19":0,"20":0,"21":0,"22":0,"23":0,"24":0,"25":0,"26":0},"b":{"0":[0,0],"1":[0,0],"2":[0,0],"3":[0],"4":[0],"5":[0,0],"6":[0,0],"7":[0,0],"8":[0,0],"9":[0,0],"10":[0,0],"11":[0,0],"12":[0,0],"13":[0,0],"14":[0,0],"15":[0,0],"16":[0,0],"17":[0,0],"18":[0],"19":[0,0],"20":[0,0],"21":[0,0],"22":[0,0],"23":[0,0],"24":[0,0],"25":[0,0],"26":[0,0],"27":[0,0],"28":[0,0],"29":[0,0],"30":[0,0],"31":[0,0,0],"32":[0,0],"33":[0,0],"34":[0,0],"35":[1,0],"36":[1,1],"37":[1,0],"38":[1,1]}}
}
