TN:
SF:src/app.controller.ts
FN:6,(anonymous_2)
FNF:1
FNH:0
FNDA:0,(anonymous_2)
DA:1,0
DA:2,0
DA:5,0
DA:6,0
LF:4
LH:0
BRDA:6,0,0,0
BRDA:6,0,1,0
BRDA:6,1,0,0
BRDA:6,1,1,0
BRF:4
BRH:0
end_of_record
TN:
SF:src/app.module.ts
FN:23,(anonymous_1)
FNF:1
FNH:0
FNDA:0,(anonymous_1)
DA:1,0
DA:2,0
DA:3,0
DA:4,0
DA:5,0
DA:6,0
DA:7,0
DA:8,0
DA:9,0
DA:10,0
DA:11,0
DA:12,0
DA:13,0
DA:14,0
DA:15,0
DA:23,0
DA:59,0
LF:17
LH:0
BRF:0
BRH:0
end_of_record
TN:
SF:src/app.service.ts
FN:10,(anonymous_2)
FN:19,(anonymous_3)
FNF:2
FNH:0
FNDA:0,(anonymous_2)
FNDA:0,(anonymous_3)
DA:1,0
DA:2,0
DA:4,0
DA:6,0
DA:9,0
DA:11,0
DA:12,0
DA:20,0
DA:21,0
DA:23,0
DA:25,0
DA:27,0
DA:29,0
DA:33,0
DA:34,0
DA:37,0
DA:41,0
DA:46,0
DA:47,0
DA:49,0
DA:52,0
LF:21
LH:0
BRDA:27,0,0,0
BRDA:27,0,1,0
BRDA:33,1,0,0
BRDA:33,1,1,0
BRDA:11,2,0,0
BRDA:11,2,1,0
BRDA:11,3,0,0
BRDA:11,3,1,0
BRDA:11,4,0,0
BRDA:11,4,1,0
BRDA:11,5,0,0
BRDA:11,5,1,0
BRF:12
BRH:0
end_of_record
TN:
SF:src/main.ts
FN:7,bootstrap
FN:72,(anonymous_1)
FNF:2
FNH:0
FNDA:0,bootstrap
FNDA:0,(anonymous_1)
DA:1,0
DA:2,0
DA:3,0
DA:4,0
DA:5,0
DA:8,0
DA:11,0
DA:17,0
DA:20,0
DA:32,0
DA:35,0
DA:56,0
DA:57,0
DA:65,0
DA:66,0
DA:68,0
DA:69,0
DA:72,0
DA:73,0
DA:74,0
LF:20
LH:0
BRDA:12,0,0,0
BRDA:12,0,1,0
BRDA:65,1,0,0
BRDA:65,1,1,0
BRF:4
BRH:0
end_of_record
TN:
SF:src/common/constants/error-codes.ts
FNF:0
FNH:0
DA:5,1
DA:33,1
LF:2
LH:2
BRF:0
BRH:0
end_of_record
TN:
SF:src/common/decorators/permissions.decorator.ts
FN:8,(anonymous_0)
FNF:1
FNH:1
FNDA:7,(anonymous_0)
DA:1,1
DA:8,1
DA:9,7
DA:14,1
LF:4
LH:4
BRF:0
BRH:0
end_of_record
TN:
SF:src/common/decorators/public.decorator.ts
FN:4,(anonymous_0)
FNF:1
FNH:1
FNDA:1,(anonymous_0)
DA:1,2
DA:3,2
DA:4,2
LF:3
LH:3
BRF:0
BRH:0
end_of_record
TN:
SF:src/common/decorators/roles.decorator.ts
FN:7,(anonymous_0)
FN:16,(anonymous_1)
FN:28,(anonymous_2)
FN:35,(anonymous_3)
FN:42,(anonymous_4)
FNF:5
FNH:2
FNDA:6,(anonymous_0)
FNDA:6,(anonymous_1)
FNDA:0,(anonymous_2)
FNDA:0,(anonymous_3)
FNDA:0,(anonymous_4)
DA:1,6
DA:2,6
DA:7,6
DA:8,6
DA:9,6
DA:10,6
DA:16,6
DA:17,6
DA:18,6
DA:19,6
DA:20,6
DA:28,6
DA:35,6
DA:36,0
DA:42,6
DA:47,6
DA:56,6
DA:79,6
DA:95,6
DA:109,6
LF:20
LH:19
BRDA:7,0,0,6
BRDA:7,0,1,6
BRDA:16,1,0,6
BRDA:16,1,1,6
BRF:4
BRH:4
end_of_record
TN:
SF:src/common/decorators/user.decorator.ts
FN:27,(anonymous_0)
FNF:1
FNH:0
FNDA:0,(anonymous_0)
DA:1,1
DA:26,1
DA:31,0
DA:33,0
DA:36,0
DA:38,0
DA:39,0
DA:41,0
DA:42,0
DA:44,0
DA:45,0
DA:47,0
DA:48,0
DA:51,0
LF:14
LH:2
BRDA:33,0,0,0
BRDA:33,0,1,0
BRDA:36,1,0,0
BRDA:36,1,1,0
BRDA:36,2,0,0
BRDA:36,2,1,0
BRDA:38,3,0,0
BRDA:38,3,1,0
BRDA:38,4,0,0
BRDA:38,4,1,0
BRDA:41,5,0,0
BRDA:41,5,1,0
BRDA:41,6,0,0
BRDA:41,6,1,0
BRDA:44,7,0,0
BRDA:44,7,1,0
BRDA:44,8,0,0
BRDA:44,8,1,0
BRDA:47,9,0,0
BRDA:47,9,1,0
BRDA:47,10,0,0
BRDA:47,10,1,0
BRF:22
BRH:0
end_of_record
TN:
SF:src/common/enums/role-type.enum.ts
FN:4,(anonymous_0)
FNF:1
FNH:1
FNDA:6,(anonymous_0)
DA:4,6
DA:5,6
DA:6,6
DA:7,6
LF:4
LH:4
BRDA:4,0,0,6
BRDA:4,0,1,6
BRF:2
BRH:2
end_of_record
TN:
SF:src/common/filters/http-exception.filter.ts
FN:37,(anonymous_1)
FN:120,(anonymous_2)
FN:154,(anonymous_3)
FN:184,(anonymous_4)
FN:189,(anonymous_5)
FN:210,(anonymous_6)
FNF:6
FNH:0
FNDA:0,(anonymous_1)
FNDA:0,(anonymous_2)
FNDA:0,(anonymous_3)
FNDA:0,(anonymous_4)
FNDA:0,(anonymous_5)
FNDA:0,(anonymous_6)
DA:1,0
DA:12,0
DA:29,0
DA:30,0
DA:38,0
DA:39,0
DA:40,0
DA:42,0
DA:43,0
DA:44,0
DA:46,0
DA:47,0
DA:48,0
DA:53,0
DA:59,0
DA:60,0
DA:64,0
DA:66,0
DA:68,0
DA:71,0
DA:75,0
DA:76,0
DA:80,0
DA:81,0
DA:82,0
DA:85,0
DA:86,0
DA:87,0
DA:92,0
DA:99,0
DA:107,0
DA:108,0
DA:111,0
DA:121,0
DA:124,0
DA:125,0
DA:126,0
DA:128,0
DA:129,0
DA:131,0
DA:132,0
DA:136,0
DA:138,0
DA:140,0
DA:142,0
DA:144,0
DA:158,0
DA:159,0
DA:162,0
DA:167,0
DA:168,0
DA:169,0
DA:172,0
DA:173,0
DA:187,0
DA:189,0
DA:190,0
DA:191,0
DA:192,0
DA:194,0
DA:195,0
DA:196,0
DA:197,0
DA:198,0
DA:202,0
DA:211,0
DA:213,0
DA:214,0
DA:217,0
DA:219,0
DA:222,0
LF:71
LH:0
BRDA:46,0,0,0
BRDA:46,0,1,0
BRDA:53,1,0,0
BRDA:53,1,1,0
BRDA:54,2,0,0
BRDA:54,2,1,0
BRDA:54,2,2,0
BRDA:54,2,3,0
BRDA:66,3,0,0
BRDA:66,3,1,0
BRDA:68,4,0,0
BRDA:68,4,1,0
BRDA:71,5,0,0
BRDA:71,5,1,0
BRDA:72,6,0,0
BRDA:72,6,1,0
BRDA:80,7,0,0
BRDA:80,7,1,0
BRDA:85,8,0,0
BRDA:85,8,1,0
BRDA:94,9,0,0
BRDA:94,9,1,0
BRDA:107,10,0,0
BRDA:107,10,1,0
BRDA:124,11,0,0
BRDA:124,11,1,0
BRDA:124,12,0,0
BRDA:124,12,1,0
BRDA:125,13,0,0
BRDA:125,13,1,0
BRDA:128,14,0,0
BRDA:128,14,1,0
BRDA:131,15,0,0
BRDA:131,15,1,0
BRDA:136,16,0,0
BRDA:136,16,1,0
BRDA:136,16,2,0
BRDA:136,16,3,0
BRDA:158,17,0,0
BRDA:158,17,1,0
BRDA:162,18,0,0
BRDA:162,18,1,0
BRDA:163,19,0,0
BRDA:163,19,1,0
BRDA:163,19,2,0
BRDA:169,20,0,0
BRDA:169,20,1,0
BRDA:174,21,0,0
BRDA:174,21,1,0
BRDA:190,22,0,0
BRDA:190,22,1,0
BRDA:191,23,0,0
BRDA:191,23,1,0
BRDA:195,24,0,0
BRDA:195,24,1,0
BRDA:195,25,0,0
BRDA:195,25,1,0
BRDA:211,26,0,0
BRDA:211,26,1,0
BRDA:213,27,0,0
BRDA:213,27,1,0
BRDA:214,28,0,0
BRDA:214,28,1,0
BRDA:217,29,0,0
BRDA:217,29,1,0
BRF:65
BRH:0
end_of_record
TN:
SF:src/common/guards/jwt-auth.guard.ts
FN:13,(anonymous_2)
FN:17,(anonymous_3)
FN:32,(anonymous_4)
FNF:3
FNH:0
FNDA:0,(anonymous_2)
FNDA:0,(anonymous_3)
FNDA:0,(anonymous_4)
DA:1,2
DA:6,2
DA:7,2
DA:9,2
DA:12,2
DA:13,0
DA:14,0
DA:20,0
DA:25,0
DA:26,0
DA:29,0
DA:34,0
DA:35,0
DA:37,0
LF:14
LH:5
BRDA:25,0,0,0
BRDA:25,0,1,0
BRDA:34,1,0,0
BRDA:34,1,1,0
BRDA:34,2,0,0
BRDA:34,2,1,0
BRDA:35,3,0,0
BRDA:35,3,1,0
BRDA:13,4,0,2
BRDA:13,4,1,0
BRDA:13,5,0,2
BRDA:13,5,1,2
BRF:12
BRH:3
end_of_record
TN:
SF:src/common/guards/roles.guard.ts
FN:29,(anonymous_2)
FN:34,(anonymous_3)
FN:80,(anonymous_4)
FN:124,(anonymous_5)
FN:131,(anonymous_6)
FN:140,(anonymous_7)
FN:145,(anonymous_8)
FNF:7
FNH:0
FNDA:0,(anonymous_2)
FNDA:0,(anonymous_3)
FNDA:0,(anonymous_4)
FNDA:0,(anonymous_5)
FNDA:0,(anonymous_6)
FNDA:0,(anonymous_7)
FNDA:0,(anonymous_8)
DA:1,1
DA:7,1
DA:8,1
DA:9,1
DA:28,1
DA:30,0
DA:31,0
DA:36,0
DA:42,0
DA:48,0
DA:49,0
DA:52,0
DA:53,0
DA:55,0
DA:56,0
DA:60,0
DA:61,0
DA:62,0
DA:65,0
DA:66,0
DA:70,0
DA:71,0
DA:72,0
DA:76,0
DA:79,0
DA:80,0
DA:84,0
DA:85,0
DA:89,0
DA:90,0
DA:91,0
DA:92,0
DA:97,0
DA:98,0
DA:102,0
DA:103,0
DA:108,0
DA:115,0
DA:126,0
DA:127,0
DA:131,0
DA:145,0
DA:146,0
LF:43
LH:5
BRDA:48,0,0,0
BRDA:48,0,1,0
BRDA:48,1,0,0
BRDA:48,1,1,0
BRDA:55,2,0,0
BRDA:55,2,1,0
BRDA:61,3,0,0
BRDA:61,3,1,0
BRDA:65,4,0,0
BRDA:65,4,1,0
BRDA:71,5,0,0
BRDA:71,5,1,0
BRDA:84,6,0,0
BRDA:84,6,1,0
BRDA:89,7,0,0
BRDA:89,7,1,0
BRDA:89,8,0,0
BRDA:89,8,1,0
BRDA:91,9,0,0
BRDA:91,9,1,0
BRDA:97,10,0,0
BRDA:97,10,1,0
BRDA:97,11,0,0
BRDA:97,11,1,0
BRDA:102,12,0,0
BRDA:102,12,1,0
BRDA:126,13,0,0
BRDA:126,13,1,0
BRDA:30,14,0,1
BRDA:30,14,1,0
BRDA:30,15,0,1
BRDA:30,15,1,1
BRDA:30,16,0,1
BRDA:30,16,1,0
BRDA:30,17,0,1
BRDA:30,17,1,1
BRF:36
BRH:6
end_of_record
TN:
SF:src/common/interceptors/transform.interceptor.ts
FN:26,(anonymous_1)
FN:31,(anonymous_2)
FNF:2
FNH:2
FNDA:9,(anonymous_1)
FNDA:9,(anonymous_2)
DA:1,1
DA:8,1
DA:10,1
DA:17,1
DA:30,9
DA:31,9
LF:6
LH:6
BRF:0
BRH:0
end_of_record
TN:
SF:src/common/pipes/mongo-id-validation.pipe.ts
FN:11,(anonymous_1)
FNF:1
FNH:0
FNDA:0,(anonymous_1)
DA:1,0
DA:7,0
DA:10,0
DA:12,0
DA:13,0
DA:15,0
LF:6
LH:0
BRDA:12,0,0,0
BRDA:12,0,1,0
BRF:2
BRH:0
end_of_record
TN:
SF:src/common/pipes/validation.pipe.ts
FN:12,(anonymous_1)
FN:37,(anonymous_2)
FN:42,(anonymous_3)
FN:45,(anonymous_4)
FN:56,(anonymous_5)
FNF:5
FNH:0
FNDA:0,(anonymous_1)
FNDA:0,(anonymous_2)
FNDA:0,(anonymous_3)
FNDA:0,(anonymous_4)
FNDA:0,(anonymous_5)
DA:1,0
DA:7,0
DA:8,0
DA:11,0
DA:16,0
DA:17,0
DA:20,0
DA:21,0
DA:26,0
DA:27,0
DA:28,0
DA:34,0
DA:38,0
DA:39,0
DA:43,0
DA:45,0
DA:46,0
DA:47,0
DA:49,0
DA:50,0
DA:54,0
DA:55,0
DA:56,0
DA:57,0
DA:58,0
DA:63,0
LF:26
LH:0
BRDA:16,0,0,0
BRDA:16,0,1,0
BRDA:16,1,0,0
BRDA:16,1,1,0
BRDA:26,2,0,0
BRDA:26,2,1,0
BRDA:49,3,0,0
BRDA:49,3,1,0
BRDA:54,4,0,0
BRDA:54,4,1,0
BRDA:54,5,0,0
BRDA:54,5,1,0
BRF:12
BRH:0
end_of_record
TN:
SF:src/config/config.module.ts
FNF:0
FNH:0
DA:1,0
DA:2,0
DA:3,0
DA:22,0
LF:4
LH:0
BRF:0
BRH:0
end_of_record
TN:
SF:src/config/validation.schema.ts
FN:6,(anonymous_9)
FNF:1
FNH:0
FNDA:0,(anonymous_9)
DA:1,0
DA:6,0
DA:7,0
DA:8,0
DA:9,0
DA:16,0
LF:6
LH:0
BRDA:6,0,0,0
BRDA:6,0,1,0
BRF:2
BRH:0
end_of_record
TN:
SF:src/modules/auth/auth.module.ts
FN:22,(anonymous_1)
FNF:1
FNH:0
FNDA:0,(anonymous_1)
DA:1,0
DA:2,0
DA:3,0
DA:4,0
DA:5,0
DA:6,0
DA:7,0
DA:8,0
DA:9,0
DA:10,0
DA:11,0
DA:22,0
DA:35,0
LF:13
LH:0
BRF:0
BRH:0
end_of_record
TN:
SF:src/modules/auth/controllers/auth.controller.ts
FN:33,(anonymous_4)
FN:54,(anonymous_5)
FN:106,(anonymous_6)
FN:142,(anonymous_7)
FN:200,(anonymous_8)
FNF:5
FNH:5
FNDA:9,(anonymous_4)
FNDA:3,(anonymous_5)
FNDA:2,(anonymous_6)
FNDA:3,(anonymous_7)
FNDA:1,(anonymous_8)
DA:1,1
DA:13,1
DA:20,1
DA:21,1
DA:22,1
DA:23,1
DA:24,1
DA:25,1
DA:26,1
DA:32,1
DA:33,9
DA:54,1
DA:59,3
DA:61,3
DA:62,3
DA:69,2
DA:70,1
DA:74,1
DA:75,0
DA:78,1
DA:80,2
DA:81,2
DA:84,0
DA:106,1
DA:107,2
DA:142,1
DA:148,3
DA:151,3
DA:152,1
DA:155,2
DA:163,1
DA:200,1
DA:201,1
LF:33
LH:31
BRDA:69,0,0,1
BRDA:69,0,1,1
BRDA:74,1,0,0
BRDA:74,1,1,1
BRDA:80,2,0,2
BRDA:80,2,1,0
BRDA:151,3,0,1
BRDA:151,3,1,2
BRDA:55,4,0,1
BRDA:55,4,1,0
BRDA:55,5,0,1
BRDA:55,5,1,1
BRDA:58,6,0,1
BRDA:58,6,1,0
BRDA:58,7,0,1
BRDA:58,7,1,1
BRDA:106,8,0,1
BRDA:106,8,1,0
BRDA:106,9,0,1
BRDA:106,9,1,1
BRDA:143,10,0,1
BRDA:143,10,1,0
BRDA:143,11,0,1
BRDA:143,11,1,1
BRDA:147,12,0,1
BRDA:147,12,1,0
BRDA:147,13,0,1
BRDA:147,13,1,1
BRDA:33,14,0,1
BRDA:33,14,1,0
BRDA:33,15,0,1
BRDA:33,15,1,1
BRF:32
BRH:24
end_of_record
TN:
SF:src/modules/auth/dto/auth-response.dto.ts
FNF:0
FNH:0
DA:1,1
DA:2,1
DA:7,1
DA:12,1
DA:18,1
DA:24,1
DA:31,1
DA:38,1
DA:45,1
DA:52,1
DA:59,1
DA:65,1
DA:70,1
DA:76,1
DA:82,1
LF:15
LH:15
BRDA:52,0,0,1
BRDA:52,0,1,0
BRDA:52,1,0,1
BRDA:52,1,1,1
BRF:4
BRH:3
end_of_record
TN:
SF:src/modules/auth/dto/change-password.dto.ts
FNF:0
FNH:0
DA:1,1
DA:2,1
DA:13,1
DA:21,1
DA:33,1
DA:42,1
LF:6
LH:6
BRF:0
BRH:0
end_of_record
TN:
SF:src/modules/auth/dto/login.dto.ts
FNF:0
FNH:0
DA:1,1
DA:2,1
DA:7,1
DA:16,1
DA:26,1
LF:5
LH:5
BRF:0
BRH:0
end_of_record
TN:
SF:src/modules/auth/services/auth.service.ts
FN:18,(anonymous_11)
FN:33,(anonymous_12)
FN:87,(anonymous_13)
FN:127,(anonymous_14)
FN:143,(anonymous_15)
FN:161,(anonymous_16)
FN:178,(anonymous_17)
FN:218,(anonymous_18)
FN:227,(anonymous_19)
FN:236,(anonymous_20)
FNF:10
FNH:8
FNDA:19,(anonymous_11)
FNDA:5,(anonymous_12)
FNDA:2,(anonymous_13)
FNDA:0,(anonymous_14)
FNDA:2,(anonymous_15)
FNDA:2,(anonymous_16)
FNDA:4,(anonymous_17)
FNDA:1,(anonymous_18)
FNDA:0,(anonymous_19)
FNDA:6,(anonymous_20)
DA:1,2
DA:6,2
DA:7,2
DA:8,2
DA:9,2
DA:10,2
DA:17,2
DA:19,19
DA:20,19
DA:21,19
DA:22,19
DA:40,5
DA:41,1
DA:45,1
DA:50,4
DA:51,4
DA:53,4
DA:55,4
DA:56,1
DA:59,3
DA:60,1
DA:63,2
DA:67,2
DA:68,2
DA:71,2
DA:73,1
DA:74,1
DA:77,1
DA:93,2
DA:96,2
DA:102,2
DA:108,2
DA:109,2
DA:110,1
DA:112,1
DA:113,1
DA:128,0
DA:129,0
DA:133,0
DA:134,0
DA:144,2
DA:162,2
DA:163,2
DA:164,1
DA:167,1
DA:185,4
DA:186,4
DA:187,4
DA:188,1
DA:192,3
DA:193,3
DA:197,1
DA:201,2
DA:202,1
DA:206,1
DA:208,3
DA:209,3
DA:219,1
DA:228,0
DA:237,6
DA:238,6
DA:241,6
DA:242,1
DA:245,5
DA:247,1
DA:249,1
DA:251,2
DA:253,1
DA:255,0
LF:69
LH:63
BRDA:40,0,0,1
BRDA:40,0,1,4
BRDA:40,1,0,5
BRDA:40,1,1,5
BRDA:53,2,0,4
BRDA:53,2,1,0
BRDA:55,3,0,1
BRDA:55,3,1,3
BRDA:59,4,0,1
BRDA:59,4,1,2
BRDA:67,5,0,2
BRDA:67,5,1,0
BRDA:71,6,0,1
BRDA:71,6,1,1
BRDA:71,7,0,2
BRDA:71,7,1,2
BRDA:99,8,0,2
BRDA:99,8,1,0
BRDA:99,9,0,2
BRDA:99,9,1,2
BRDA:109,10,0,1
BRDA:109,10,1,1
BRDA:163,11,0,1
BRDA:163,11,1,1
BRDA:187,12,0,1
BRDA:187,12,1,3
BRDA:193,13,0,1
BRDA:193,13,1,2
BRDA:194,14,0,3
BRDA:194,14,1,3
BRDA:201,15,0,1
BRDA:201,15,1,1
BRDA:241,16,0,1
BRDA:241,16,1,5
BRDA:245,17,0,1
BRDA:245,17,1,1
BRDA:245,17,2,2
BRDA:245,17,3,1
BRDA:245,17,4,0
BRDA:19,18,0,2
BRDA:19,18,1,0
BRDA:19,19,0,2
BRDA:19,19,1,2
BRDA:19,20,0,2
BRDA:19,20,1,0
BRDA:19,21,0,2
BRDA:19,21,1,2
BRDA:20,22,0,2
BRDA:20,22,1,0
BRDA:20,23,0,2
BRDA:20,23,1,2
BRDA:21,24,0,2
BRDA:21,24,1,0
BRDA:21,25,0,2
BRDA:21,25,1,2
BRF:55
BRH:47
end_of_record
TN:
SF:src/modules/auth/services/security.service.ts
FN:43,(anonymous_4)
FN:48,(anonymous_5)
FN:58,(anonymous_6)
FN:78,(anonymous_7)
FN:99,(anonymous_8)
FN:127,(anonymous_9)
FN:153,(anonymous_10)
FN:219,(anonymous_11)
FN:230,(anonymous_12)
FN:245,(anonymous_13)
FN:246,(anonymous_14)
FN:259,(anonymous_15)
FN:264,(anonymous_16)
FN:291,(anonymous_17)
FN:326,(anonymous_18)
FN:353,(anonymous_19)
FN:357,(anonymous_20)
FNF:17
FNH:0
FNDA:0,(anonymous_4)
FNDA:0,(anonymous_5)
FNDA:0,(anonymous_6)
FNDA:0,(anonymous_7)
FNDA:0,(anonymous_8)
FNDA:0,(anonymous_9)
FNDA:0,(anonymous_10)
FNDA:0,(anonymous_11)
FNDA:0,(anonymous_12)
FNDA:0,(anonymous_13)
FNDA:0,(anonymous_14)
FNDA:0,(anonymous_15)
FNDA:0,(anonymous_16)
FNDA:0,(anonymous_17)
FNDA:0,(anonymous_18)
FNDA:0,(anonymous_19)
FNDA:0,(anonymous_20)
DA:1,2
DA:2,2
DA:3,2
DA:4,2
DA:27,2
DA:28,0
DA:29,0
DA:31,0
DA:45,0
DA:48,0
DA:64,0
DA:72,0
DA:73,0
DA:74,0
DA:77,0
DA:78,0
DA:80,0
DA:83,0
DA:84,0
DA:88,0
DA:100,0
DA:101,0
DA:103,0
DA:104,0
DA:107,0
DA:108,0
DA:112,0
DA:114,0
DA:115,0
DA:118,0
DA:128,0
DA:129,0
DA:131,0
DA:132,0
DA:135,0
DA:136,0
DA:140,0
DA:141,0
DA:142,0
DA:145,0
DA:158,0
DA:159,0
DA:162,0
DA:163,0
DA:165,0
DA:169,0
DA:170,0
DA:171,0
DA:172,0
DA:176,0
DA:177,0
DA:178,0
DA:179,0
DA:183,0
DA:184,0
DA:185,0
DA:186,0
DA:190,0
DA:194,0
DA:195,0
DA:196,0
DA:200,0
DA:201,0
DA:202,0
DA:203,0
DA:204,0
DA:205,0
DA:207,0
DA:220,0
DA:221,0
DA:222,0
DA:231,0
DA:239,0
DA:240,0
DA:241,0
DA:244,0
DA:245,0
DA:246,0
DA:249,0
DA:251,0
DA:260,0
DA:261,0
DA:264,0
DA:266,0
DA:267,0
DA:296,0
DA:298,0
DA:323,0
DA:324,0
DA:325,0
DA:326,0
DA:327,0
DA:328,0
DA:334,0
DA:336,0
DA:346,0
DA:354,0
DA:356,0
DA:357,0
DA:359,0
DA:360,0
DA:362,0
DA:367,0
DA:368,0
DA:369,0
DA:372,0
DA:373,0
LF:107
LH:5
BRDA:73,0,0,0
BRDA:73,0,1,0
BRDA:83,1,0,0
BRDA:83,1,1,0
BRDA:88,2,0,0
BRDA:88,2,1,0
BRDA:103,3,0,0
BRDA:103,3,1,0
BRDA:112,4,0,0
BRDA:112,4,1,0
BRDA:131,5,0,0
BRDA:131,5,1,0
BRDA:140,6,0,0
BRDA:140,6,1,0
BRDA:162,7,0,0
BRDA:162,7,1,0
BRDA:169,8,0,0
BRDA:169,8,1,0
BRDA:169,9,0,0
BRDA:169,9,1,0
BRDA:171,10,0,0
BRDA:171,10,1,0
BRDA:176,11,0,0
BRDA:176,11,1,0
BRDA:176,12,0,0
BRDA:176,12,1,0
BRDA:178,13,0,0
BRDA:178,13,1,0
BRDA:183,14,0,0
BRDA:183,14,1,0
BRDA:183,15,0,0
BRDA:183,15,1,0
BRDA:185,16,0,0
BRDA:185,16,1,0
BRDA:190,17,0,0
BRDA:190,17,1,0
BRDA:191,18,0,0
BRDA:191,18,1,0
BRDA:195,19,0,0
BRDA:195,19,1,0
BRDA:200,20,0,0
BRDA:200,20,1,0
BRDA:201,21,0,0
BRDA:201,21,1,0
BRDA:202,22,0,0
BRDA:202,22,1,0
BRDA:203,23,0,0
BRDA:203,23,1,0
BRDA:204,24,0,0
BRDA:204,24,1,0
BRDA:240,25,0,0
BRDA:240,25,1,0
BRDA:240,26,0,0
BRDA:240,26,1,0
BRDA:261,27,0,0
BRDA:261,27,1,0
BRDA:266,28,0,0
BRDA:266,28,1,0
BRDA:325,29,0,0
BRDA:325,29,1,0
BRDA:327,30,0,0
BRDA:327,30,1,0
BRDA:327,31,0,0
BRDA:327,31,1,0
BRDA:334,32,0,0
BRDA:334,32,1,0
BRDA:359,33,0,0
BRDA:359,33,1,0
BRDA:372,34,0,0
BRDA:372,34,1,0
BRDA:45,35,0,2
BRDA:45,35,1,0
BRDA:45,36,0,2
BRDA:45,36,1,2
BRF:74
BRH:3
end_of_record
TN:
SF:src/modules/auth/strategies/jwt.strategy.ts
FN:10,(anonymous_2)
FN:21,(anonymous_3)
FNF:2
FNH:0
FNDA:0,(anonymous_2)
FNDA:0,(anonymous_3)
DA:1,0
DA:2,0
DA:3,0
DA:4,0
DA:5,0
DA:9,0
DA:11,0
DA:12,0
DA:14,0
DA:25,0
DA:26,0
DA:27,0
DA:28,0
DA:31,0
DA:32,0
DA:33,0
DA:42,0
LF:17
LH:0
BRDA:17,0,0,0
BRDA:17,0,1,0
BRDA:26,1,0,0
BRDA:26,1,1,0
BRDA:31,2,0,0
BRDA:31,2,1,0
BRDA:11,3,0,0
BRDA:11,3,1,0
BRDA:11,4,0,0
BRDA:11,4,1,0
BRDA:11,5,0,0
BRDA:11,5,1,0
BRDA:11,6,0,0
BRDA:11,6,1,0
BRF:14
BRH:0
end_of_record
TN:
SF:src/modules/menu/menu.module.ts
FNF:0
FNH:0
DA:1,0
DA:2,0
DA:3,0
DA:4,0
DA:5,0
DA:15,0
LF:6
LH:0
BRF:0
BRH:0
end_of_record
TN:
SF:src/modules/menu/controllers/menu.controller.ts
FN:17,(anonymous_4)
FN:22,(anonymous_5)
FN:30,(anonymous_6)
FN:40,(anonymous_7)
FN:48,(anonymous_8)
FN:56,(anonymous_9)
FN:64,(anonymous_10)
FNF:7
FNH:0
FNDA:0,(anonymous_4)
FNDA:0,(anonymous_5)
FNDA:0,(anonymous_6)
FNDA:0,(anonymous_7)
FNDA:0,(anonymous_8)
FNDA:0,(anonymous_9)
FNDA:0,(anonymous_10)
DA:1,0
DA:2,0
DA:3,0
DA:4,0
DA:5,0
DA:6,0
DA:16,0
DA:17,0
DA:22,0
DA:23,0
DA:24,0
DA:30,0
DA:33,0
DA:34,0
DA:40,0
DA:41,0
DA:42,0
DA:48,0
DA:49,0
DA:50,0
DA:56,0
DA:57,0
DA:58,0
DA:64,0
DA:65,0
DA:66,0
LF:26
LH:0
BRDA:22,0,0,0
BRDA:22,0,1,0
BRDA:22,1,0,0
BRDA:22,1,1,0
BRDA:31,2,0,0
BRDA:31,2,1,0
BRDA:31,3,0,0
BRDA:31,3,1,0
BRDA:32,4,0,0
BRDA:32,4,1,0
BRDA:32,5,0,0
BRDA:32,5,1,0
BRDA:40,6,0,0
BRDA:40,6,1,0
BRDA:40,7,0,0
BRDA:40,7,1,0
BRDA:48,8,0,0
BRDA:48,8,1,0
BRDA:48,9,0,0
BRDA:48,9,1,0
BRDA:56,10,0,0
BRDA:56,10,1,0
BRDA:56,11,0,0
BRDA:56,11,1,0
BRDA:64,12,0,0
BRDA:64,12,1,0
BRDA:64,13,0,0
BRDA:64,13,1,0
BRDA:17,14,0,0
BRDA:17,14,1,0
BRDA:17,15,0,0
BRDA:17,15,1,0
BRF:32
BRH:0
end_of_record
TN:
SF:src/modules/menu/dto/create-menu.dto.ts
FNF:0
FNH:0
DA:1,0
DA:8,0
DA:10,0
DA:14,0
DA:18,0
DA:22,0
DA:31,0
DA:40,0
DA:49,0
DA:58,0
DA:63,0
DA:68,0
DA:73,0
LF:13
LH:0
BRF:0
BRH:0
end_of_record
TN:
SF:src/modules/menu/dto/menu-response.dto.ts
FNF:0
FNH:0
DA:1,0
DA:2,0
DA:4,0
DA:6,0
DA:9,0
DA:12,0
DA:15,0
DA:18,0
DA:21,0
DA:24,0
DA:32,0
DA:35,0
DA:38,0
DA:41,0
DA:48,0
DA:51,0
DA:53,0
DA:56,0
DA:58,0
DA:61,0
DA:64,0
DA:67,0
DA:70,0
DA:73,0
DA:75,0
LF:25
LH:0
BRF:0
BRH:0
end_of_record
TN:
SF:src/modules/menu/dto/update-menu.dto.ts
FNF:0
FNH:0
DA:1,0
DA:2,0
DA:3,0
DA:4,0
DA:6,0
DA:9,0
DA:18,0
LF:7
LH:0
BRF:0
BRH:0
end_of_record
TN:
SF:src/modules/menu/entities/menu.entity.ts
FNF:0
FNH:0
DA:1,0
DA:2,0
DA:7,0
DA:11,0
DA:14,0
DA:17,0
DA:20,0
DA:23,0
DA:26,0
DA:29,0
DA:32,0
DA:35,0
DA:38,0
DA:45,0
DA:48,0
DA:51,0
DA:52,0
DA:53,0
LF:18
LH:0
BRDA:11,0,0,0
BRDA:11,0,1,0
BRDA:11,1,0,0
BRDA:11,1,1,0
BRF:4
BRH:0
end_of_record
TN:
SF:src/modules/menu/services/menu.service.ts
FN:12,(anonymous_4)
FN:14,(anonymous_5)
FN:22,(anonymous_6)
FN:25,(anonymous_7)
FN:37,(anonymous_8)
FN:49,(anonymous_9)
FN:52,(anonymous_10)
FN:56,(anonymous_11)
FN:71,(anonymous_12)
FN:78,(anonymous_13)
FN:83,(anonymous_14)
FN:88,(anonymous_15)
FN:103,(anonymous_16)
FN:106,(anonymous_17)
FN:125,(anonymous_18)
FNF:15
FNH:0
FNDA:0,(anonymous_4)
FNDA:0,(anonymous_5)
FNDA:0,(anonymous_6)
FNDA:0,(anonymous_7)
FNDA:0,(anonymous_8)
FNDA:0,(anonymous_9)
FNDA:0,(anonymous_10)
FNDA:0,(anonymous_11)
FNDA:0,(anonymous_12)
FNDA:0,(anonymous_13)
FNDA:0,(anonymous_14)
FNDA:0,(anonymous_15)
FNDA:0,(anonymous_16)
FNDA:0,(anonymous_17)
FNDA:0,(anonymous_18)
DA:1,0
DA:2,0
DA:3,0
DA:4,0
DA:11,0
DA:12,0
DA:15,0
DA:21,0
DA:22,0
DA:26,0
DA:27,0
DA:30,0
DA:31,0
DA:32,0
DA:34,0
DA:41,0
DA:42,0
DA:48,0
DA:49,0
DA:53,0
DA:57,0
DA:59,0
DA:64,0
DA:65,0
DA:68,0
DA:72,0
DA:73,0
DA:74,0
DA:79,0
DA:80,0
DA:83,0
DA:84,0
DA:88,0
DA:89,0
DA:90,0
DA:92,0
DA:93,0
DA:94,0
DA:95,0
DA:96,0
DA:99,0
DA:103,0
DA:107,0
DA:125,0
LF:44
LH:0
BRDA:26,0,0,0
BRDA:26,0,1,0
BRDA:31,1,0,0
BRDA:31,1,1,0
BRDA:64,2,0,0
BRDA:64,2,1,0
BRDA:73,3,0,0
BRDA:73,3,1,0
BRDA:90,4,0,0
BRDA:90,4,1,0
BRDA:92,5,0,0
BRDA:92,5,1,0
BRDA:95,6,0,0
BRDA:95,6,1,0
BRDA:109,7,0,0
BRDA:109,7,1,0
BRDA:110,8,0,0
BRDA:110,8,1,0
BRDA:111,9,0,0
BRDA:111,9,1,0
BRDA:112,10,0,0
BRDA:112,10,1,0
BRDA:113,11,0,0
BRDA:113,11,1,0
BRDA:115,12,0,0
BRDA:115,12,1,0
BRDA:116,13,0,0
BRDA:116,13,1,0
BRDA:117,14,0,0
BRDA:117,14,1,0
BRDA:118,15,0,0
BRDA:118,15,1,0
BRDA:120,16,0,0
BRDA:120,16,1,0
BRDA:121,17,0,0
BRDA:121,17,1,0
BRDA:122,18,0,0
BRDA:122,18,1,0
BRDA:123,19,0,0
BRDA:123,19,1,0
BRDA:125,20,0,0
BRDA:125,20,1,0
BRDA:12,21,0,0
BRDA:12,21,1,0
BRDA:12,22,0,0
BRDA:12,22,1,0
BRF:46
BRH:0
end_of_record
TN:
SF:src/modules/permission/permission.module.ts
FN:13,(anonymous_1)
FNF:1
FNH:0
FNDA:0,(anonymous_1)
DA:1,0
DA:2,0
DA:3,0
DA:4,0
DA:5,0
DA:6,0
DA:13,0
DA:19,0
LF:8
LH:0
BRF:0
BRH:0
end_of_record
TN:
SF:src/modules/permission/controllers/permission.controller.ts
FN:32,(anonymous_4)
FN:43,(anonymous_5)
FN:55,(anonymous_6)
FN:77,(anonymous_7)
FN:89,(anonymous_8)
FN:101,(anonymous_9)
FNF:6
FNH:0
FNDA:0,(anonymous_4)
FNDA:0,(anonymous_5)
FNDA:0,(anonymous_6)
FNDA:0,(anonymous_7)
FNDA:0,(anonymous_8)
FNDA:0,(anonymous_9)
DA:1,0
DA:12,0
DA:19,0
DA:20,0
DA:21,0
DA:22,0
DA:23,0
DA:24,0
DA:31,0
DA:32,0
DA:43,0
DA:44,0
DA:55,0
DA:56,0
DA:57,0
DA:59,0
DA:77,0
DA:78,0
DA:89,0
DA:90,0
DA:101,0
DA:105,0
LF:22
LH:0
BRDA:56,0,0,0
BRDA:56,0,1,0
BRDA:43,1,0,0
BRDA:43,1,1,0
BRDA:43,2,0,0
BRDA:43,2,1,0
BRDA:32,3,0,0
BRDA:32,3,1,0
BRDA:32,4,0,0
BRDA:32,4,1,0
BRF:10
BRH:0
end_of_record
TN:
SF:src/modules/permission/dto/create-permission.dto.ts
FNF:0
FNH:0
DA:1,0
DA:2,0
DA:3,0
DA:5,0
DA:9,0
DA:14,0
DA:22,0
DA:30,0
DA:39,0
LF:9
LH:0
BRDA:22,0,0,0
BRDA:22,0,1,0
BRDA:22,1,0,0
BRDA:22,1,1,0
BRF:4
BRH:0
end_of_record
TN:
SF:src/modules/permission/dto/update-permission-with-id.dto.ts
FNF:0
FNH:0
DA:1,0
DA:2,0
DA:3,0
DA:5,0
DA:9,0
LF:5
LH:0
BRF:0
BRH:0
end_of_record
TN:
SF:src/modules/permission/dto/update-permission.dto.ts
FNF:0
FNH:0
DA:1,0
DA:2,0
DA:4,0
LF:3
LH:0
BRF:0
BRH:0
end_of_record
TN:
SF:src/modules/permission/entities/permission.entity.ts
FNF:0
FNH:0
DA:1,6
DA:3,6
DA:4,6
DA:9,6
DA:12,6
DA:16,6
DA:28,6
DA:37,6
DA:48,6
DA:51,6
LF:10
LH:10
BRDA:28,0,0,0
BRDA:28,0,1,6
BRDA:28,1,0,6
BRDA:28,1,1,6
BRF:4
BRH:3
end_of_record
TN:
SF:src/modules/permission/services/permission.service.ts
FN:14,(anonymous_4)
FN:19,(anonymous_5)
FN:32,(anonymous_6)
FN:36,(anonymous_7)
FN:44,(anonymous_8)
FN:48,(anonymous_9)
FN:52,(anonymous_10)
FN:56,(anonymous_11)
FN:60,(anonymous_12)
FN:86,(anonymous_13)
FN:93,(anonymous_14)
FN:97,(anonymous_15)
FN:101,(anonymous_16)
FNF:13
FNH:13
FNDA:18,(anonymous_4)
FNDA:2,(anonymous_5)
FNDA:1,(anonymous_6)
FNDA:3,(anonymous_7)
FNDA:1,(anonymous_8)
FNDA:2,(anonymous_9)
FNDA:1,(anonymous_10)
FNDA:1,(anonymous_11)
FNDA:3,(anonymous_12)
FNDA:2,(anonymous_13)
FNDA:1,(anonymous_14)
FNDA:1,(anonymous_15)
FNDA:1,(anonymous_16)
DA:1,6
DA:6,6
DA:7,6
DA:8,6
DA:13,6
DA:16,18
DA:20,2
DA:24,2
DA:25,1
DA:28,1
DA:29,1
DA:33,1
DA:37,3
DA:38,3
DA:39,1
DA:41,2
DA:45,1
DA:49,2
DA:53,1
DA:57,1
DA:64,3
DA:65,1
DA:70,1
DA:71,1
DA:75,2
DA:79,2
DA:80,1
DA:83,1
DA:87,2
DA:88,2
DA:89,1
DA:94,1
DA:98,1
DA:105,1
LF:34
LH:34
BRDA:24,0,0,1
BRDA:24,0,1,1
BRDA:38,1,0,1
BRDA:38,1,1,2
BRDA:64,2,0,1
BRDA:64,2,1,2
BRDA:70,3,0,1
BRDA:70,3,1,0
BRDA:79,4,0,1
BRDA:79,4,1,1
BRDA:88,5,0,1
BRDA:88,5,1,1
BRDA:16,6,0,6
BRDA:16,6,1,0
BRDA:16,7,0,6
BRDA:16,7,1,6
BRF:16
BRH:14
end_of_record
TN:
SF:src/modules/role/role.module.ts
FN:13,(anonymous_1)
FNF:1
FNH:0
FNDA:0,(anonymous_1)
DA:1,0
DA:2,0
DA:3,0
DA:4,0
DA:5,0
DA:6,0
DA:7,0
DA:13,0
DA:19,0
LF:9
LH:0
BRF:0
BRH:0
end_of_record
TN:
SF:src/modules/role/controllers/role.controller.ts
FN:22,(anonymous_4)
FN:36,(anonymous_5)
FN:48,(anonymous_6)
FN:67,(anonymous_7)
FN:88,(anonymous_8)
FN:107,(anonymous_9)
FN:138,(anonymous_10)
FN:162,(anonymous_11)
FNF:8
FNH:8
FNDA:11,(anonymous_4)
FNDA:2,(anonymous_5)
FNDA:2,(anonymous_6)
FNDA:2,(anonymous_7)
FNDA:1,(anonymous_8)
FNDA:1,(anonymous_9)
FNDA:2,(anonymous_10)
FNDA:1,(anonymous_11)
DA:1,1
DA:2,1
DA:9,1
DA:10,1
DA:11,1
DA:12,1
DA:13,1
DA:14,1
DA:15,1
DA:16,1
DA:21,1
DA:22,11
DA:36,1
DA:37,2
DA:48,1
DA:49,2
DA:67,1
DA:68,2
DA:88,1
DA:92,1
DA:107,1
DA:108,1
DA:138,1
DA:139,2
DA:162,1
DA:163,1
LF:26
LH:26
BRDA:36,0,0,1
BRDA:36,0,1,0
BRDA:36,1,0,1
BRDA:36,1,1,1
BRDA:107,2,0,1
BRDA:107,2,1,0
BRDA:107,3,0,1
BRDA:107,3,1,1
BRDA:22,4,0,1
BRDA:22,4,1,0
BRDA:22,5,0,1
BRDA:22,5,1,1
BRF:12
BRH:9
end_of_record
TN:
SF:src/modules/role/dto/create-role.dto.ts
FNF:0
FNH:0
DA:1,1
DA:9,1
DA:10,1
DA:12,1
DA:16,1
DA:25,1
DA:30,1
DA:39,1
DA:48,1
DA:56,1
LF:10
LH:10
BRDA:25,0,0,0
BRDA:25,0,1,1
BRDA:25,1,0,1
BRDA:25,1,1,1
BRF:4
BRH:3
end_of_record
TN:
SF:src/modules/role/dto/role-list-response.dto.ts
FNF:0
FNH:0
DA:1,1
DA:2,1
DA:7,1
DA:12,1
DA:18,1
DA:25,1
DA:31,1
DA:38,1
DA:44,1
DA:50,1
DA:56,1
LF:11
LH:11
BRDA:25,0,0,0
BRDA:25,0,1,1
BRDA:25,1,0,1
BRDA:25,1,1,1
BRDA:50,2,0,1
BRDA:50,2,1,0
BRDA:50,3,0,1
BRDA:50,3,1,1
BRDA:56,4,0,1
BRDA:56,4,1,0
BRDA:56,5,0,1
BRDA:56,5,1,1
BRF:12
BRH:9
end_of_record
TN:
SF:src/modules/role/dto/role-response.dto.ts
FNF:0
FNH:0
DA:1,1
DA:6,1
DA:11,1
DA:17,1
LF:4
LH:4
BRF:0
BRH:0
end_of_record
TN:
SF:src/modules/role/dto/update-role-with-id.dto.ts
FNF:0
FNH:0
DA:1,1
DA:2,1
DA:3,1
DA:5,1
DA:9,1
LF:5
LH:5
BRF:0
BRH:0
end_of_record
TN:
SF:src/modules/role/dto/update-role.dto.ts
FNF:0
FNH:0
DA:1,1
DA:2,1
DA:4,1
LF:3
LH:3
BRF:0
BRH:0
end_of_record
TN:
SF:src/modules/role/entities/role.entity.ts
FN:46,(anonymous_2)
FN:13,(anonymous_3)
FNF:2
FNH:0
FNDA:0,(anonymous_2)
FNDA:0,(anonymous_3)
DA:1,5
DA:2,5
DA:3,5
DA:4,5
DA:5,5
DA:14,0
DA:15,0
DA:19,5
DA:21,5
DA:25,5
DA:38,5
DA:42,5
DA:46,0
DA:49,5
DA:60,5
DA:64,5
DA:67,5
LF:17
LH:14
BRDA:38,0,0,0
BRDA:38,0,1,5
BRDA:38,1,0,5
BRDA:38,1,1,5
BRF:4
BRH:3
end_of_record
TN:
SF:src/modules/role/services/role.service.ts
FN:19,(anonymous_4)
FN:25,(anonymous_5)
FN:55,(anonymous_6)
FN:62,(anonymous_7)
FN:73,(anonymous_8)
FN:77,(anonymous_9)
FN:81,(anonymous_10)
FN:85,(anonymous_11)
FN:92,(anonymous_12)
FN:138,(anonymous_13)
FN:151,(anonymous_14)
FN:166,(anonymous_15)
FN:177,(anonymous_16)
FN:201,(anonymous_17)
FN:224,(anonymous_18)
FN:235,(anonymous_19)
FN:242,(anonymous_20)
FN:261,(anonymous_21)
FN:271,(anonymous_22)
FNF:19
FNH:17
FNDA:29,(anonymous_4)
FNDA:3,(anonymous_5)
FNDA:1,(anonymous_6)
FNDA:2,(anonymous_7)
FNDA:0,(anonymous_8)
FNDA:2,(anonymous_9)
FNDA:2,(anonymous_10)
FNDA:2,(anonymous_11)
FNDA:3,(anonymous_12)
FNDA:3,(anonymous_13)
FNDA:3,(anonymous_14)
FNDA:1,(anonymous_15)
FNDA:4,(anonymous_16)
FNDA:3,(anonymous_17)
FNDA:1,(anonymous_18)
FNDA:0,(anonymous_19)
FNDA:1,(anonymous_20)
FNDA:1,(anonymous_21)
FNDA:3,(anonymous_22)
DA:1,5
DA:7,5
DA:8,5
DA:9,5
DA:10,5
DA:13,5
DA:18,5
DA:21,29
DA:22,29
DA:26,3
DA:30,3
DA:31,1
DA:35,2
DA:36,2
DA:37,0
DA:41,2
DA:42,2
DA:45,2
DA:46,2
DA:47,1
DA:51,1
DA:52,1
DA:56,1
DA:63,2
DA:67,2
DA:68,1
DA:70,1
DA:74,0
DA:78,2
DA:82,2
DA:86,2
DA:93,3
DA:94,3
DA:95,1
DA:99,2
DA:100,0
DA:104,2
DA:105,1
DA:108,1
DA:109,0
DA:114,0
DA:115,0
DA:120,1
DA:121,0
DA:124,0
DA:125,0
DA:126,0
DA:130,1
DA:135,1
DA:139,3
DA:140,3
DA:141,1
DA:144,2
DA:145,1
DA:148,1
DA:152,3
DA:153,3
DA:154,1
DA:158,2
DA:159,2
DA:160,1
DA:165,1
DA:166,1
DA:167,1
DA:171,1
DA:181,4
DA:182,4
DA:183,1
DA:187,3
DA:188,2
DA:189,2
DA:190,1
DA:195,2
DA:213,3
DA:218,3
DA:219,1
DA:223,2
DA:225,1
DA:232,2
DA:233,2
DA:234,0
DA:236,0
DA:242,2
DA:243,1
DA:247,1
DA:262,1
DA:265,1
DA:271,3
LF:88
LH:76
BRDA:30,0,0,1
BRDA:30,0,1,2
BRDA:36,1,0,0
BRDA:36,1,1,2
BRDA:41,2,0,2
BRDA:41,2,1,0
BRDA:41,3,0,2
BRDA:41,3,1,2
BRDA:46,4,0,1
BRDA:46,4,1,1
BRDA:67,5,0,1
BRDA:67,5,1,1
BRDA:94,6,0,1
BRDA:94,6,1,2
BRDA:99,7,0,0
BRDA:99,7,1,2
BRDA:99,8,0,2
BRDA:99,8,1,0
BRDA:104,9,0,1
BRDA:104,9,1,1
BRDA:104,10,0,2
BRDA:104,10,1,1
BRDA:108,11,0,0
BRDA:108,11,1,1
BRDA:114,12,0,0
BRDA:114,12,1,0
BRDA:120,13,0,0
BRDA:120,13,1,1
BRDA:120,14,0,1
BRDA:120,14,1,0
BRDA:125,15,0,0
BRDA:125,15,1,0
BRDA:140,16,0,1
BRDA:140,16,1,2
BRDA:144,17,0,1
BRDA:144,17,1,1
BRDA:153,18,0,1
BRDA:153,18,1,2
BRDA:159,19,0,1
BRDA:159,19,1,1
BRDA:182,20,0,1
BRDA:182,20,1,3
BRDA:187,21,0,2
BRDA:187,21,1,1
BRDA:189,22,0,1
BRDA:189,22,1,1
BRDA:218,23,0,1
BRDA:218,23,1,2
BRDA:226,24,0,1
BRDA:226,24,1,1
BRDA:226,24,2,1
BRDA:233,25,0,0
BRDA:233,25,1,2
BRDA:248,26,0,1
BRDA:248,26,1,0
BRDA:248,26,2,0
BRDA:273,27,0,3
BRDA:273,27,1,0
BRDA:21,28,0,5
BRDA:21,28,1,0
BRDA:21,29,0,5
BRDA:21,29,1,5
BRDA:21,30,0,5
BRDA:21,30,1,0
BRDA:21,31,0,5
BRDA:21,31,1,5
BRF:66
BRH:49
end_of_record
TN:
SF:src/modules/user/user.module.ts
FN:13,(anonymous_1)
FNF:1
FNH:0
FNDA:0,(anonymous_1)
DA:1,0
DA:2,0
DA:3,0
DA:4,0
DA:5,0
DA:6,0
DA:13,0
DA:19,0
LF:8
LH:0
BRF:0
BRH:0
end_of_record
TN:
SF:src/modules/user/controllers/user.controller.ts
FN:41,(anonymous_4)
FN:51,(anonymous_5)
FN:63,(anonymous_6)
FN:75,(anonymous_7)
FN:97,(anonymous_8)
FNF:5
FNH:0
FNDA:0,(anonymous_4)
FNDA:0,(anonymous_5)
FNDA:0,(anonymous_6)
FNDA:0,(anonymous_7)
FNDA:0,(anonymous_8)
DA:1,0
DA:13,0
DA:19,0
DA:20,0
DA:21,0
DA:25,0
DA:26,0
DA:27,0
DA:29,0
DA:30,0
DA:31,0
DA:32,0
DA:33,0
DA:40,0
DA:41,0
DA:51,0
DA:52,0
DA:63,0
DA:64,0
DA:75,0
DA:79,0
DA:82,0
DA:83,0
DA:84,0
DA:87,0
DA:97,0
DA:101,0
DA:103,0
DA:104,0
DA:107,0
DA:108,0
LF:31
LH:0
BRDA:82,0,0,0
BRDA:82,0,1,0
BRDA:103,1,0,0
BRDA:103,1,1,0
BRDA:51,2,0,0
BRDA:51,2,1,0
BRDA:51,3,0,0
BRDA:51,3,1,0
BRDA:51,4,0,0
BRDA:51,4,1,0
BRDA:51,5,0,0
BRDA:51,5,1,0
BRDA:63,6,0,0
BRDA:63,6,1,0
BRDA:63,7,0,0
BRDA:63,7,1,0
BRDA:63,8,0,0
BRDA:63,8,1,0
BRDA:63,9,0,0
BRDA:63,9,1,0
BRDA:76,10,0,0
BRDA:76,10,1,0
BRDA:76,11,0,0
BRDA:76,11,1,0
BRDA:78,12,0,0
BRDA:78,12,1,0
BRDA:78,13,0,0
BRDA:78,13,1,0
BRDA:98,14,0,0
BRDA:98,14,1,0
BRDA:98,15,0,0
BRDA:98,15,1,0
BRDA:100,16,0,0
BRDA:100,16,1,0
BRDA:100,17,0,0
BRDA:100,17,1,0
BRDA:41,18,0,0
BRDA:41,18,1,0
BRDA:41,19,0,0
BRDA:41,19,1,0
BRF:40
BRH:0
end_of_record
TN:
SF:src/modules/user/dto/batch-operation.dto.ts
FNF:0
FNH:0
DA:1,0
DA:2,0
DA:7,0
DA:16,0
DA:22,0
DA:30,0
LF:6
LH:0
BRF:0
BRH:0
end_of_record
TN:
SF:src/modules/user/dto/create-user.dto.ts
FNF:0
FNH:0
DA:1,0
DA:13,0
DA:18,0
DA:30,0
DA:49,0
DA:59,0
DA:69,0
LF:7
LH:0
BRF:0
BRH:0
end_of_record
TN:
SF:src/modules/user/dto/index.ts
FNF:0
FNH:0
DA:1,0
DA:2,0
DA:3,0
DA:4,0
DA:5,0
DA:6,0
DA:7,0
DA:8,0
LF:8
LH:0
BRF:0
BRH:0
end_of_record
TN:
SF:src/modules/user/dto/query-user.dto.ts
FN:7,(anonymous_2)
FN:11,(anonymous_3)
FN:40,(anonymous_4)
FNF:3
FNH:0
FNDA:0,(anonymous_2)
FNDA:0,(anonymous_3)
FNDA:0,(anonymous_4)
DA:1,0
DA:2,0
DA:3,0
DA:7,0
DA:8,0
DA:11,0
DA:17,0
DA:18,0
DA:22,0
DA:23,0
DA:27,0
DA:28,0
DA:30,0
DA:34,0
DA:40,0
DA:41,0
DA:42,0
DA:43,0
DA:49,0
DA:60,0
DA:72,0
DA:81,0
DA:90,0
DA:100,0
LF:24
LH:0
BRDA:8,0,0,0
BRDA:8,0,1,0
BRDA:17,1,0,0
BRDA:17,1,1,0
BRDA:17,2,0,0
BRDA:17,2,1,0
BRDA:17,2,2,0
BRDA:22,3,0,0
BRDA:22,3,1,0
BRDA:22,4,0,0
BRDA:22,4,1,0
BRDA:27,5,0,0
BRDA:27,5,1,0
BRDA:30,6,0,0
BRDA:30,6,1,0
BRDA:40,7,0,0
BRDA:40,7,1,0
BRF:17
BRH:0
end_of_record
TN:
SF:src/modules/user/dto/reset-password.dto.ts
FNF:0
FNH:0
DA:1,0
DA:2,0
DA:7,0
DA:15,0
DA:22,0
LF:5
LH:0
BRF:0
BRH:0
end_of_record
TN:
SF:src/modules/user/dto/update-user-status.dto.ts
FNF:0
FNH:0
DA:1,0
DA:2,0
DA:7,0
DA:15,0
LF:4
LH:0
BRF:0
BRH:0
end_of_record
TN:
SF:src/modules/user/dto/update-user-with-id.dto.ts
FNF:0
FNH:0
DA:1,0
DA:2,0
DA:3,0
DA:5,0
DA:13,0
LF:5
LH:0
BRF:0
BRH:0
end_of_record
TN:
SF:src/modules/user/dto/update-user.dto.ts
FNF:0
FNH:0
DA:1,0
DA:2,0
DA:7,0
DA:16,0
DA:25,0
DA:33,0
LF:6
LH:0
BRF:0
BRH:0
end_of_record
TN:
SF:src/modules/user/dto/user-id-body.dto.ts
FNF:0
FNH:0
DA:1,0
DA:2,0
DA:4,0
DA:12,0
LF:4
LH:0
BRF:0
BRH:0
end_of_record
TN:
SF:src/modules/user/dto/user-id-query.dto.ts
FNF:0
FNH:0
DA:1,0
DA:2,0
DA:4,0
DA:12,0
LF:4
LH:0
BRF:0
BRH:0
end_of_record
TN:
SF:src/modules/user/dto/user-list-response.dto.ts
FNF:0
FNH:0
DA:1,0
DA:2,0
DA:7,0
DA:12,0
DA:18,0
DA:24,0
DA:30,0
DA:36,0
LF:8
LH:0
BRF:0
BRH:0
end_of_record
TN:
SF:src/modules/user/dto/user-response.dto.ts
FNF:0
FNH:0
DA:1,0
DA:2,0
DA:7,0
DA:12,0
DA:18,0
DA:24,0
DA:31,0
DA:37,0
DA:43,0
DA:49,0
DA:56,0
DA:62,0
DA:68,0
DA:74,0
LF:14
LH:0
BRDA:43,0,0,0
BRDA:43,0,1,0
BRDA:43,1,0,0
BRDA:43,1,1,0
BRDA:62,2,0,0
BRDA:62,2,1,0
BRDA:62,3,0,0
BRDA:62,3,1,0
BRDA:68,4,0,0
BRDA:68,4,1,0
BRDA:68,5,0,0
BRDA:68,5,1,0
BRF:12
BRH:0
end_of_record
TN:
SF:src/modules/user/entities/user.entity.ts
FN:42,(anonymous_11)
FNF:1
FNH:0
FNDA:0,(anonymous_11)
DA:1,4
DA:2,4
DA:3,4
DA:9,4
DA:11,4
DA:14,4
DA:17,4
DA:24,4
DA:27,4
DA:30,4
DA:33,4
DA:36,4
DA:42,4
DA:44,0
DA:45,0
DA:48,0
DA:50,0
DA:51,0
DA:52,0
DA:54,0
LF:20
LH:13
BRDA:30,0,0,4
BRDA:30,0,1,0
BRDA:30,1,0,4
BRDA:30,1,1,4
BRDA:44,2,0,0
BRDA:44,2,1,0
BRDA:54,3,0,0
BRDA:54,3,1,0
BRF:8
BRH:3
end_of_record
TN:
SF:src/modules/user/services/user.service.ts
FN:16,(anonymous_4)
FN:26,(anonymous_5)
FN:35,(anonymous_6)
FN:59,(anonymous_7)
FN:77,(anonymous_8)
FN:101,(anonymous_9)
FN:112,(anonymous_10)
FN:147,(anonymous_11)
FN:165,(anonymous_12)
FN:201,(anonymous_13)
FN:237,(anonymous_14)
FN:249,(anonymous_15)
FN:265,(anonymous_16)
FN:282,(anonymous_17)
FN:289,(anonymous_18)
FN:291,(anonymous_19)
FN:299,(anonymous_20)
FN:311,(anonymous_21)
FN:330,(anonymous_22)
FN:357,(anonymous_23)
FN:423,(anonymous_24)
FN:426,(anonymous_25)
FN:441,(anonymous_26)
FN:448,(anonymous_27)
FN:483,(anonymous_28)
FN:493,(anonymous_29)
FN:501,(anonymous_30)
FNF:27
FNH:17
FNDA:20,(anonymous_4)
FNDA:4,(anonymous_5)
FNDA:2,(anonymous_6)
FNDA:1,(anonymous_7)
FNDA:0,(anonymous_8)
FNDA:0,(anonymous_9)
FNDA:2,(anonymous_10)
FNDA:2,(anonymous_11)
FNDA:3,(anonymous_12)
FNDA:2,(anonymous_13)
FNDA:2,(anonymous_14)
FNDA:2,(anonymous_15)
FNDA:2,(anonymous_16)
FNDA:0,(anonymous_17)
FNDA:0,(anonymous_18)
FNDA:0,(anonymous_19)
FNDA:1,(anonymous_20)
FNDA:2,(anonymous_21)
FNDA:0,(anonymous_22)
FNDA:0,(anonymous_23)
FNDA:0,(anonymous_24)
FNDA:0,(anonymous_25)
FNDA:0,(anonymous_26)
FNDA:2,(anonymous_27)
FNDA:5,(anonymous_28)
FNDA:2,(anonymous_29)
FNDA:2,(anonymous_30)
DA:1,4
DA:2,4
DA:3,4
DA:4,4
DA:10,4
DA:12,4
DA:15,4
DA:17,20
DA:18,20
DA:27,4
DA:36,2
DA:37,2
DA:42,2
DA:43,1
DA:44,1
DA:46,1
DA:48,0
DA:49,0
DA:60,1
DA:64,1
DA:65,1
DA:68,1
DA:83,0
DA:89,0
DA:90,0
DA:93,0
DA:102,0
DA:113,2
DA:116,2
DA:118,2
DA:119,1
DA:122,2
DA:123,0
DA:126,2
DA:127,0
DA:131,2
DA:134,2
DA:147,2
DA:149,2
DA:151,2
DA:167,3
DA:170,3
DA:171,1
DA:175,2
DA:176,2
DA:177,2
DA:178,1
DA:183,1
DA:186,1
DA:192,1
DA:206,2
DA:207,2
DA:208,1
DA:212,1
DA:213,1
DA:214,1
DA:215,0
DA:220,1
DA:226,1
DA:227,0
DA:230,1
DA:238,2
DA:239,2
DA:240,1
DA:251,2
DA:252,2
DA:253,2
DA:254,20
DA:256,2
DA:266,2
DA:267,2
DA:268,1
DA:272,1
DA:273,1
DA:283,0
DA:284,0
DA:285,0
DA:288,0
DA:289,0
DA:291,0
DA:300,1
DA:301,1
DA:303,1
DA:304,1
DA:306,1
DA:311,1
DA:312,2
DA:313,2
DA:314,0
DA:315,0
DA:322,1
DA:334,0
DA:336,0
DA:337,0
DA:341,0
DA:344,0
DA:346,0
DA:358,0
DA:422,0
DA:424,0
DA:425,0
DA:427,0
DA:429,0
DA:430,0
DA:433,0
DA:437,0
DA:439,0
DA:441,0
DA:449,2
DA:450,2
DA:452,2
DA:453,1
DA:454,1
DA:457,1
DA:461,1
DA:462,1
DA:465,1
DA:468,0
DA:474,0
DA:475,0
DA:484,5
DA:493,5
DA:500,5
DA:501,2
DA:504,5
LF:125
LH:86
BRDA:42,0,0,1
BRDA:42,0,1,1
BRDA:64,1,0,1
BRDA:64,1,1,0
BRDA:89,2,0,0
BRDA:89,2,1,0
BRDA:113,3,0,0
BRDA:113,4,0,0
BRDA:118,5,0,1
BRDA:118,5,1,1
BRDA:122,6,0,0
BRDA:122,6,1,2
BRDA:126,7,0,0
BRDA:126,7,1,2
BRDA:170,8,0,1
BRDA:170,8,1,2
BRDA:175,9,0,2
BRDA:175,9,1,0
BRDA:175,10,0,2
BRDA:175,10,1,2
BRDA:177,11,0,1
BRDA:177,11,1,1
BRDA:207,12,0,1
BRDA:207,12,1,1
BRDA:212,13,0,1
BRDA:212,13,1,0
BRDA:212,14,0,1
BRDA:212,14,1,1
BRDA:214,15,0,0
BRDA:214,15,1,1
BRDA:226,16,0,0
BRDA:226,16,1,1
BRDA:239,17,0,1
BRDA:239,17,1,1
BRDA:249,18,0,1
BRDA:267,19,0,1
BRDA:267,19,1,1
BRDA:284,20,0,0
BRDA:284,20,1,0
BRDA:300,21,0,1
BRDA:300,21,1,0
BRDA:304,22,0,1
BRDA:304,22,1,0
BRDA:312,23,0,2
BRDA:312,23,1,0
BRDA:314,24,0,0
BRDA:314,24,1,0
BRDA:314,25,0,0
BRDA:314,25,1,0
BRDA:336,26,0,0
BRDA:336,26,1,0
BRDA:424,27,0,0
BRDA:424,27,1,0
BRDA:427,28,0,0
BRDA:427,28,1,0
BRDA:429,29,0,0
BRDA:429,29,1,0
BRDA:433,30,0,0
BRDA:433,30,1,0
BRDA:434,31,0,0
BRDA:434,31,1,0
BRDA:434,31,2,0
BRDA:452,32,0,1
BRDA:452,32,1,1
BRDA:461,33,0,1
BRDA:461,33,1,0
BRDA:493,34,0,5
BRDA:493,34,1,0
BRDA:17,35,0,4
BRDA:17,35,1,0
BRDA:17,36,0,4
BRDA:17,36,1,4
BRDA:17,37,0,4
BRDA:17,37,1,0
BRDA:17,38,0,4
BRDA:17,38,1,4
BRF:76
BRH:39
end_of_record
